{"/home/travis/build/npmtest/node-npmtest-smoothstate/test.js":{"path":"/home/travis/build/npmtest/node-npmtest-smoothstate/test.js","s":{"1":2,"2":2,"3":2,"4":2,"5":2,"6":2,"7":2,"8":1,"9":2,"10":2,"11":1,"12":1,"13":1,"14":1,"15":2,"16":2,"17":2,"18":2,"19":1,"20":1,"21":2,"22":2,"23":2,"24":1,"25":1,"26":1,"27":1,"28":1,"29":1,"30":1,"31":1,"32":1,"33":1,"34":1,"35":1,"36":1,"37":1,"38":1,"39":2,"40":2,"41":1,"42":2,"43":2,"44":1,"45":2,"46":2,"47":1,"48":2,"49":2,"50":1,"51":1,"52":1,"53":1,"54":1},"b":{"1":[2,1,1,1],"2":[1,1,1,1],"3":[1,1],"4":[1,1],"5":[1,1],"6":[1,1],"7":[1,1],"8":[1,1],"9":[1,1],"10":[1,1,1],"11":[1,1],"12":[1,1],"13":[1,1],"14":[1,1],"15":[1,1],"16":[1,1],"17":[1,1]},"f":{"1":2,"2":2,"3":2,"4":2,"5":2,"6":1,"7":1,"8":1,"9":2,"10":2,"11":2,"12":2,"13":1},"fnMap":{"1":{"name":"(anonymous_1)","line":12,"loc":{"start":{"line":12,"column":1},"end":{"line":12,"column":13}}},"2":{"name":"(anonymous_2)","line":19,"loc":{"start":{"line":19,"column":5},"end":{"line":19,"column":17}}},"3":{"name":"(anonymous_3)","line":23,"loc":{"start":{"line":23,"column":24},"end":{"line":23,"column":36}}},"4":{"name":"(anonymous_4)","line":61,"loc":{"start":{"line":61,"column":5},"end":{"line":61,"column":17}}},"5":{"name":"(anonymous_5)","line":82,"loc":{"start":{"line":82,"column":5},"end":{"line":82,"column":17}}},"6":{"name":"(anonymous_6)","line":91,"loc":{"start":{"line":91,"column":77},"end":{"line":94,"column":10}}},"7":{"name":"(anonymous_7)","line":112,"loc":{"start":{"line":112,"column":83},"end":{"line":115,"column":10}},"skip":true},"8":{"name":"(anonymous_8)","line":123,"loc":{"start":{"line":123,"column":77},"end":{"line":126,"column":10}},"skip":true},"9":{"name":"(anonymous_9)","line":139,"loc":{"start":{"line":139,"column":12},"end":{"line":139,"column":40}},"skip":true},"10":{"name":"(anonymous_10)","line":147,"loc":{"start":{"line":147,"column":77},"end":{"line":150,"column":10}},"skip":true},"11":{"name":"(anonymous_11)","line":158,"loc":{"start":{"line":158,"column":83},"end":{"line":161,"column":10}},"skip":true},"12":{"name":"(anonymous_12)","line":169,"loc":{"start":{"line":169,"column":79},"end":{"line":172,"column":10}},"skip":true},"13":{"name":"(anonymous_13)","line":180,"loc":{"start":{"line":180,"column":75},"end":{"line":183,"column":10}},"skip":true}},"statementMap":{"1":{"start":{"line":12,"column":0},"end":{"line":195,"column":5}},"2":{"start":{"line":14,"column":4},"end":{"line":14,"column":14}},"3":{"start":{"line":19,"column":4},"end":{"line":56,"column":9}},"4":{"start":{"line":21,"column":8},"end":{"line":21,"column":19}},"5":{"start":{"line":23,"column":8},"end":{"line":35,"column":13}},"6":{"start":{"line":24,"column":12},"end":{"line":34,"column":13}},"7":{"start":{"line":25,"column":16},"end":{"line":28,"column":30}},"8":{"start":{"line":30,"column":16},"end":{"line":33,"column":27}},"9":{"start":{"line":37,"column":8},"end":{"line":39,"column":21}},"10":{"start":{"line":40,"column":8},"end":{"line":53,"column":9}},"11":{"start":{"line":43,"column":12},"end":{"line":46,"column":14}},"12":{"start":{"line":47,"column":12},"end":{"line":47,"column":18}},"13":{"start":{"line":50,"column":12},"end":{"line":51,"column":46}},"14":{"start":{"line":52,"column":12},"end":{"line":52,"column":18}},"15":{"start":{"line":55,"column":8},"end":{"line":55,"column":35}},"16":{"start":{"line":61,"column":4},"end":{"line":63,"column":9}},"17":{"start":{"line":62,"column":8},"end":{"line":62,"column":15}},"18":{"start":{"line":64,"column":4},"end":{"line":77,"column":5}},"19":{"start":{"line":70,"column":8},"end":{"line":70,"column":14}},"20":{"start":{"line":76,"column":8},"end":{"line":76,"column":14}},"21":{"start":{"line":82,"column":4},"end":{"line":84,"column":9}},"22":{"start":{"line":83,"column":8},"end":{"line":83,"column":15}},"23":{"start":{"line":85,"column":4},"end":{"line":194,"column":5}},"24":{"start":{"line":91,"column":8},"end":{"line":99,"column":10}},"25":{"start":{"line":98,"column":12},"end":{"line":98,"column":35}},"26":{"start":{"line":102,"column":8},"end":{"line":104,"column":63}},"27":{"start":{"line":105,"column":8},"end":{"line":105,"column":14}},"28":{"start":{"line":112,"column":8},"end":{"line":121,"column":10},"skip":true},"29":{"start":{"line":119,"column":12},"end":{"line":119,"column":55},"skip":true},"30":{"start":{"line":120,"column":12},"end":{"line":120,"column":48},"skip":true},"31":{"start":{"line":123,"column":8},"end":{"line":136,"column":10},"skip":true},"32":{"start":{"line":130,"column":12},"end":{"line":130,"column":76},"skip":true},"33":{"start":{"line":131,"column":12},"end":{"line":131,"column":73},"skip":true},"34":{"start":{"line":132,"column":12},"end":{"line":132,"column":74},"skip":true},"35":{"start":{"line":133,"column":12},"end":{"line":133,"column":79},"skip":true},"36":{"start":{"line":134,"column":12},"end":{"line":134,"column":25},"skip":true},"37":{"start":{"line":135,"column":12},"end":{"line":135,"column":45},"skip":true},"38":{"start":{"line":138,"column":8},"end":{"line":145,"column":14},"skip":true},"39":{"start":{"line":143,"column":16},"end":{"line":143,"column":29},"skip":true},"40":{"start":{"line":144,"column":16},"end":{"line":144,"column":55},"skip":true},"41":{"start":{"line":147,"column":8},"end":{"line":156,"column":10},"skip":true},"42":{"start":{"line":154,"column":12},"end":{"line":154,"column":25},"skip":true},"43":{"start":{"line":155,"column":12},"end":{"line":155,"column":45},"skip":true},"44":{"start":{"line":158,"column":8},"end":{"line":167,"column":10},"skip":true},"45":{"start":{"line":165,"column":12},"end":{"line":165,"column":25},"skip":true},"46":{"start":{"line":166,"column":12},"end":{"line":166,"column":48},"skip":true},"47":{"start":{"line":169,"column":8},"end":{"line":178,"column":10},"skip":true},"48":{"start":{"line":176,"column":12},"end":{"line":176,"column":25},"skip":true},"49":{"start":{"line":177,"column":12},"end":{"line":177,"column":46},"skip":true},"50":{"start":{"line":180,"column":8},"end":{"line":189,"column":10},"skip":true},"51":{"start":{"line":187,"column":12},"end":{"line":187,"column":94},"skip":true},"52":{"start":{"line":188,"column":12},"end":{"line":188,"column":48},"skip":true},"53":{"start":{"line":192,"column":8},"end":{"line":192,"column":35},"skip":true},"54":{"start":{"line":193,"column":8},"end":{"line":193,"column":14},"skip":true}},"branchMap":{"1":{"line":25,"type":"binary-expr","locations":[{"start":{"line":25,"column":23},"end":{"line":25,"column":62}},{"start":{"line":26,"column":20},"end":{"line":26,"column":70}},{"start":{"line":27,"column":20},"end":{"line":27,"column":71}},{"start":{"line":28,"column":20},"end":{"line":28,"column":29}}]},"2":{"line":30,"type":"binary-expr","locations":[{"start":{"line":30,"column":23},"end":{"line":30,"column":37}},{"start":{"line":31,"column":20},"end":{"line":31,"column":61}},{"start":{"line":32,"column":20},"end":{"line":32,"column":70}},{"start":{"line":33,"column":20},"end":{"line":33,"column":26}}]},"3":{"line":37,"type":"cond-expr","locations":[{"start":{"line":38,"column":14},"end":{"line":38,"column":20}},{"start":{"line":39,"column":14},"end":{"line":39,"column":20}}]},"4":{"line":40,"type":"switch","locations":[{"start":{"line":42,"column":8},"end":{"line":47,"column":18}},{"start":{"line":49,"column":8},"end":{"line":52,"column":18}}]},"5":{"line":44,"type":"binary-expr","locations":[{"start":{"line":44,"column":16},"end":{"line":44,"column":44}},{"start":{"line":44,"column":48},"end":{"line":44,"column":66}}]},"6":{"line":50,"type":"binary-expr","locations":[{"start":{"line":50,"column":21},"end":{"line":50,"column":49}},{"start":{"line":50,"column":53},"end":{"line":50,"column":72}}]},"7":{"line":64,"type":"switch","locations":[{"start":{"line":69,"column":4},"end":{"line":70,"column":14}},{"start":{"line":75,"column":4},"end":{"line":76,"column":14}}]},"8":{"line":85,"type":"switch","locations":[{"start":{"line":90,"column":4},"end":{"line":105,"column":14}},{"start":{"line":111,"column":4},"end":{"line":193,"column":14},"skip":true}]},"9":{"line":91,"type":"binary-expr","locations":[{"start":{"line":91,"column":42},"end":{"line":91,"column":73}},{"start":{"line":91,"column":77},"end":{"line":99,"column":9}}]},"10":{"line":102,"type":"binary-expr","locations":[{"start":{"line":102,"column":18},"end":{"line":102,"column":32}},{"start":{"line":103,"column":12},"end":{"line":103,"column":53}},{"start":{"line":104,"column":12},"end":{"line":104,"column":61}}]},"11":{"line":112,"type":"binary-expr","locations":[{"start":{"line":112,"column":45},"end":{"line":112,"column":79},"skip":true},{"start":{"line":112,"column":83},"end":{"line":121,"column":9},"skip":true}]},"12":{"line":123,"type":"binary-expr","locations":[{"start":{"line":123,"column":42},"end":{"line":123,"column":73},"skip":true},{"start":{"line":123,"column":77},"end":{"line":136,"column":9},"skip":true}]},"13":{"line":138,"type":"binary-expr","locations":[{"start":{"line":138,"column":48},"end":{"line":138,"column":85},"skip":true},{"start":{"line":139,"column":12},"end":{"line":145,"column":13},"skip":true}]},"14":{"line":147,"type":"binary-expr","locations":[{"start":{"line":147,"column":42},"end":{"line":147,"column":73},"skip":true},{"start":{"line":147,"column":77},"end":{"line":156,"column":9},"skip":true}]},"15":{"line":158,"type":"binary-expr","locations":[{"start":{"line":158,"column":45},"end":{"line":158,"column":79},"skip":true},{"start":{"line":158,"column":83},"end":{"line":167,"column":9},"skip":true}]},"16":{"line":169,"type":"binary-expr","locations":[{"start":{"line":169,"column":43},"end":{"line":169,"column":75},"skip":true},{"start":{"line":169,"column":79},"end":{"line":178,"column":9},"skip":true}]},"17":{"line":180,"type":"binary-expr","locations":[{"start":{"line":180,"column":41},"end":{"line":180,"column":71},"skip":true},{"start":{"line":180,"column":75},"end":{"line":189,"column":9},"skip":true}]}},"code":["/* istanbul instrument in package npmtest_smoothstate */","/*jslint","    bitwise: true,","    browser: true,","    maxerr: 8,","    maxlen: 96,","    node: true,","    nomen: true,","    regexp: true,","    stupid: true","*/","(function () {","    'use strict';","    var local;","","","","    // run shared js-env code - pre-init","    (function () {","        // init local","        local = {};","        // init modeJs","        local.modeJs = (function () {","            try {","                return typeof navigator.userAgent === 'string' &&","                    typeof document.querySelector('body') === 'object' &&","                    typeof XMLHttpRequest.prototype.open === 'function' &&","                    'browser';","            } catch (errorCaughtBrowser) {","                return module.exports &&","                    typeof process.versions.node === 'string' &&","                    typeof require('http').createServer === 'function' &&","                    'node';","            }","        }());","        // init global","        local.global = local.modeJs === 'browser'","            ? window","            : global;","        switch (local.modeJs) {","        // re-init local from window.local","        case 'browser':","            local = local.global.utility2.objectSetDefault(","                local.global.utility2_rollup || local.global.local,","                local.global.utility2","            );","            break;","        // re-init local from example.js","        case 'node':","            local = (local.global.utility2_rollup || require('utility2'))","                .requireExampleJsFromReadme();","            break;","        }","        // export local","        local.global.local = local;","    }());","","","","    // run shared js-env code - function","    (function () {","        return;","    }());","    switch (local.modeJs) {","","","","    // run browser js-env code - function","    case 'browser':","        break;","","","","    // run node js-env code - function","    case 'node':","        break;","    }","","","","    // run shared js-env code - post-init","    (function () {","        return;","    }());","    switch (local.modeJs) {","","","","    // run browser js-env code - post-init","    case 'browser':","        local.testCase_browser_nullCase = local.testCase_browser_nullCase || function (","            options,","            onError","        ) {","        /*","         * this function will test browsers's null-case handling-behavior-behavior","         */","            onError(null, options);","        };","","        // run tests","        local.nop(local.modeTest &&","            document.querySelector('#testRunButton1') &&","            document.querySelector('#testRunButton1').click());","        break;","","","","    // run node js-env code - post-init","    /* istanbul ignore next */","    case 'node':","        local.testCase_buildApidoc_default = local.testCase_buildApidoc_default || function (","            options,","            onError","        ) {","        /*","         * this function will test buildApidoc's default handling-behavior-behavior","         */","            options = { modulePathList: module.paths };","            local.buildApidoc(options, onError);","        };","","        local.testCase_buildApp_default = local.testCase_buildApp_default || function (","            options,","            onError","        ) {","        /*","         * this function will test buildApp's default handling-behavior-behavior","         */","            local.testCase_buildReadme_default(options, local.onErrorThrow);","            local.testCase_buildLib_default(options, local.onErrorThrow);","            local.testCase_buildTest_default(options, local.onErrorThrow);","            local.testCase_buildCustomOrg_default(options, local.onErrorThrow);","            options = [];","            local.buildApp(options, onError);","        };","","        local.testCase_buildCustomOrg_default = local.testCase_buildCustomOrg_default ||","            function (options, onError) {","            /*","             * this function will test buildCustomOrg's default handling-behavior","             */","                options = {};","                local.buildCustomOrg(options, onError);","            };","","        local.testCase_buildLib_default = local.testCase_buildLib_default || function (","            options,","            onError","        ) {","        /*","         * this function will test buildLib's default handling-behavior","         */","            options = {};","            local.buildLib(options, onError);","        };","","        local.testCase_buildReadme_default = local.testCase_buildReadme_default || function (","            options,","            onError","        ) {","        /*","         * this function will test buildReadme's default handling-behavior-behavior","         */","            options = {};","            local.buildReadme(options, onError);","        };","","        local.testCase_buildTest_default = local.testCase_buildTest_default || function (","            options,","            onError","        ) {","        /*","         * this function will test buildTest's default handling-behavior","         */","            options = {};","            local.buildTest(options, onError);","        };","","        local.testCase_webpage_default = local.testCase_webpage_default || function (","            options,","            onError","        ) {","        /*","         * this function will test webpage's default handling-behavior","         */","            options = { modeCoverageMerge: true, url: local.serverLocalHost + '?modeTest=1' };","            local.browserTest(options, onError);","        };","","        // run test-server","        local.testRunServer(local);","        break;","    }","}());",""],"l":{"12":2,"14":2,"19":2,"21":2,"23":2,"24":2,"25":2,"30":1,"37":2,"40":2,"43":1,"47":1,"50":1,"52":1,"55":2,"61":2,"62":2,"64":2,"70":1,"76":1,"82":2,"83":2,"85":2,"91":1,"98":1,"102":1,"105":1,"112":1,"119":1,"120":1,"123":1,"130":1,"131":1,"132":1,"133":1,"134":1,"135":1,"138":1,"143":2,"144":2,"147":1,"154":2,"155":2,"158":1,"165":2,"166":2,"169":1,"176":2,"177":2,"180":1,"187":1,"188":1,"192":1,"193":1}},"/home/travis/build/npmtest/node-npmtest-smoothstate/lib.npmtest_smoothstate.js":{"path":"/home/travis/build/npmtest/node-npmtest-smoothstate/lib.npmtest_smoothstate.js","s":{"1":2,"2":2,"3":2,"4":2,"5":2,"6":2,"7":2,"8":1,"9":2,"10":2,"11":2,"12":2,"13":1,"14":1,"15":1,"16":1},"b":{"1":[2,1,1,1],"2":[1,1,1,1],"3":[1,1],"4":[2,2],"5":[1,1]},"f":{"1":2,"2":2,"3":2},"fnMap":{"1":{"name":"(anonymous_1)","line":12,"loc":{"start":{"line":12,"column":1},"end":{"line":12,"column":13}}},"2":{"name":"(anonymous_2)","line":19,"loc":{"start":{"line":19,"column":5},"end":{"line":19,"column":17}}},"3":{"name":"(anonymous_3)","line":23,"loc":{"start":{"line":23,"column":24},"end":{"line":23,"column":36}}}},"statementMap":{"1":{"start":{"line":12,"column":0},"end":{"line":53,"column":5}},"2":{"start":{"line":14,"column":4},"end":{"line":14,"column":14}},"3":{"start":{"line":19,"column":4},"end":{"line":52,"column":9}},"4":{"start":{"line":21,"column":8},"end":{"line":21,"column":19}},"5":{"start":{"line":23,"column":8},"end":{"line":35,"column":13}},"6":{"start":{"line":24,"column":12},"end":{"line":34,"column":13}},"7":{"start":{"line":25,"column":16},"end":{"line":28,"column":30}},"8":{"start":{"line":30,"column":16},"end":{"line":33,"column":27}},"9":{"start":{"line":37,"column":8},"end":{"line":39,"column":21}},"10":{"start":{"line":41,"column":8},"end":{"line":41,"column":54}},"11":{"start":{"line":43,"column":8},"end":{"line":43,"column":56}},"12":{"start":{"line":45,"column":8},"end":{"line":51,"column":9}},"13":{"start":{"line":46,"column":12},"end":{"line":46,"column":62}},"14":{"start":{"line":48,"column":12},"end":{"line":48,"column":35}},"15":{"start":{"line":49,"column":12},"end":{"line":49,"column":49}},"16":{"start":{"line":50,"column":12},"end":{"line":50,"column":43}}},"branchMap":{"1":{"line":25,"type":"binary-expr","locations":[{"start":{"line":25,"column":23},"end":{"line":25,"column":62}},{"start":{"line":26,"column":20},"end":{"line":26,"column":70}},{"start":{"line":27,"column":20},"end":{"line":27,"column":71}},{"start":{"line":28,"column":20},"end":{"line":28,"column":29}}]},"2":{"line":30,"type":"binary-expr","locations":[{"start":{"line":30,"column":23},"end":{"line":30,"column":37}},{"start":{"line":31,"column":20},"end":{"line":31,"column":61}},{"start":{"line":32,"column":20},"end":{"line":32,"column":70}},{"start":{"line":33,"column":20},"end":{"line":33,"column":26}}]},"3":{"line":37,"type":"cond-expr","locations":[{"start":{"line":38,"column":14},"end":{"line":38,"column":20}},{"start":{"line":39,"column":14},"end":{"line":39,"column":20}}]},"4":{"line":41,"type":"binary-expr","locations":[{"start":{"line":41,"column":16},"end":{"line":41,"column":44}},{"start":{"line":41,"column":48},"end":{"line":41,"column":53}}]},"5":{"line":45,"type":"if","locations":[{"start":{"line":45,"column":8},"end":{"line":45,"column":8}},{"start":{"line":45,"column":8},"end":{"line":45,"column":8}}]}},"code":["/* istanbul instrument in package npmtest_smoothstate */","/*jslint","    bitwise: true,","    browser: true,","    maxerr: 8,","    maxlen: 96,","    node: true,","    nomen: true,","    regexp: true,","    stupid: true","*/","(function () {","    'use strict';","    var local;","","","","    // run shared js-env code - pre-init","    (function () {","        // init local","        local = {};","        // init modeJs","        local.modeJs = (function () {","            try {","                return typeof navigator.userAgent === 'string' &&","                    typeof document.querySelector('body') === 'object' &&","                    typeof XMLHttpRequest.prototype.open === 'function' &&","                    'browser';","            } catch (errorCaughtBrowser) {","                return module.exports &&","                    typeof process.versions.node === 'string' &&","                    typeof require('http').createServer === 'function' &&","                    'node';","            }","        }());","        // init global","        local.global = local.modeJs === 'browser'","            ? window","            : global;","        // init utility2_rollup","        local = local.global.utility2_rollup || local;","        // init lib","        local.local = local.npmtest_smoothstate = local;","        // init exports","        if (local.modeJs === 'browser') {","            local.global.utility2_npmtest_smoothstate = local;","        } else {","            module.exports = local;","            module.exports.__dirname = __dirname;","            module.exports.module = module;","        }","    }());","}());",""],"l":{"12":2,"14":2,"19":2,"21":2,"23":2,"24":2,"25":2,"30":1,"37":2,"41":2,"43":2,"45":2,"46":1,"48":1,"49":1,"50":1}},"/home/travis/build/npmtest/node-npmtest-smoothstate/example.js":{"path":"/home/travis/build/npmtest/node-npmtest-smoothstate/example.js","s":{"1":2,"2":2,"3":2,"4":2,"5":2,"6":2,"7":2,"8":1,"9":2,"10":2,"11":2,"12":2,"13":1,"14":2,"15":2,"16":2,"17":2,"18":2,"19":0,"20":2,"21":1,"22":1,"23":1,"24":1,"25":1,"26":0,"27":0,"28":1,"29":1,"30":2,"31":0,"32":0,"33":0,"34":1,"35":2,"36":2,"37":3,"38":3,"39":3,"40":3,"41":0,"42":3,"43":3,"44":3,"45":1,"46":3,"47":1,"48":1,"49":1,"50":1,"51":1,"52":1,"53":1,"54":1,"55":1,"56":1,"57":0,"58":1,"59":6,"60":6,"61":1,"62":2,"63":0,"64":2,"65":1,"66":1,"67":0,"68":0,"69":0,"70":0,"71":0,"72":0,"73":0,"74":0,"75":0,"76":0,"77":0,"78":0,"79":0,"80":0,"81":0,"82":0,"83":0},"b":{"1":[2,1,1,1],"2":[1,1,1,1],"3":[1,1],"4":[2,2],"5":[1,1],"6":[1,1],"7":[2,0],"8":[2,1,1,1,1,1],"9":[0,2,0],"10":[1,1],"11":[2,1,1],"12":[1,0],"13":[0,2],"14":[2,0,0,0,0,0,0],"15":[0,3],"16":[3,0],"17":[1,1],"18":[0,1],"19":[1,2,0,2],"20":[1,0],"21":[1,1],"22":[0,0],"23":[0,0],"24":[0,0],"25":[0,0],"26":[0,0],"27":[0,0],"28":[0,0]},"f":{"1":2,"2":2,"3":2,"4":2,"5":2,"6":2,"7":3,"8":3,"9":3,"10":1,"11":6,"12":0},"fnMap":{"1":{"name":"(anonymous_1)","line":26,"loc":{"start":{"line":26,"column":1},"end":{"line":26,"column":13}}},"2":{"name":"(anonymous_2)","line":33,"loc":{"start":{"line":33,"column":5},"end":{"line":33,"column":17}}},"3":{"name":"(anonymous_3)","line":37,"loc":{"start":{"line":37,"column":24},"end":{"line":37,"column":36}}},"4":{"name":"(anonymous_4)","line":69,"loc":{"start":{"line":69,"column":31},"end":{"line":69,"column":48}},"skip":true},"5":{"name":"(anonymous_5)","line":78,"loc":{"start":{"line":78,"column":26},"end":{"line":78,"column":45}},"skip":true},"6":{"name":"(anonymous_6)","line":123,"loc":{"start":{"line":123,"column":33},"end":{"line":123,"column":48}},"skip":true},"7":{"name":"(anonymous_7)","line":125,"loc":{"start":{"line":125,"column":27},"end":{"line":125,"column":39}},"skip":true},"8":{"name":"(anonymous_8)","line":133,"loc":{"start":{"line":133,"column":59},"end":{"line":133,"column":74}},"skip":true},"9":{"name":"(anonymous_9)","line":143,"loc":{"start":{"line":143,"column":45},"end":{"line":143,"column":62}},"skip":true},"10":{"name":"(anonymous_10)","line":144,"loc":{"start":{"line":144,"column":73},"end":{"line":144,"column":92}},"skip":true},"11":{"name":"(anonymous_11)","line":272,"loc":{"start":{"line":272,"column":51},"end":{"line":272,"column":77}},"skip":true},"12":{"name":"(anonymous_12)","line":314,"loc":{"start":{"line":314,"column":32},"end":{"line":314,"column":61}},"skip":true}},"statementMap":{"1":{"start":{"line":26,"column":0},"end":{"line":325,"column":5}},"2":{"start":{"line":28,"column":4},"end":{"line":28,"column":14}},"3":{"start":{"line":33,"column":4},"end":{"line":60,"column":9}},"4":{"start":{"line":35,"column":8},"end":{"line":35,"column":19}},"5":{"start":{"line":37,"column":8},"end":{"line":49,"column":13}},"6":{"start":{"line":38,"column":12},"end":{"line":48,"column":13}},"7":{"start":{"line":39,"column":16},"end":{"line":42,"column":30}},"8":{"start":{"line":44,"column":16},"end":{"line":47,"column":27}},"9":{"start":{"line":51,"column":8},"end":{"line":53,"column":21}},"10":{"start":{"line":55,"column":8},"end":{"line":57,"column":45}},"11":{"start":{"line":59,"column":8},"end":{"line":59,"column":35}},"12":{"start":{"line":61,"column":4},"end":{"line":324,"column":5}},"13":{"start":{"line":69,"column":8},"end":{"line":121,"column":10},"skip":true},"14":{"start":{"line":70,"column":12},"end":{"line":88,"column":13},"skip":true},"15":{"start":{"line":76,"column":16},"end":{"line":87,"column":19},"skip":true},"16":{"start":{"line":79,"column":20},"end":{"line":86,"column":21},"skip":true},"17":{"start":{"line":82,"column":24},"end":{"line":82,"column":43},"skip":true},"18":{"start":{"line":83,"column":24},"end":{"line":83,"column":30},"skip":true},"19":{"start":{"line":85,"column":24},"end":{"line":85,"column":49},"skip":true},"20":{"start":{"line":89,"column":12},"end":{"line":107,"column":13},"skip":true},"21":{"start":{"line":92,"column":16},"end":{"line":102,"column":17},"skip":true},"22":{"start":{"line":93,"column":20},"end":{"line":93,"column":86},"skip":true},"23":{"start":{"line":94,"column":20},"end":{"line":95,"column":45},"skip":true},"24":{"start":{"line":96,"column":20},"end":{"line":96,"column":42},"skip":true},"25":{"start":{"line":97,"column":20},"end":{"line":97,"column":48},"skip":true},"26":{"start":{"line":100,"column":20},"end":{"line":100,"column":85},"skip":true},"27":{"start":{"line":101,"column":20},"end":{"line":101,"column":96},"skip":true},"28":{"start":{"line":103,"column":16},"end":{"line":103,"column":22},"skip":true},"29":{"start":{"line":106,"column":16},"end":{"line":106,"column":22},"skip":true},"30":{"start":{"line":108,"column":12},"end":{"line":120,"column":13},"skip":true},"31":{"start":{"line":114,"column":16},"end":{"line":119,"column":17},"skip":true},"32":{"start":{"line":116,"column":20},"end":{"line":116,"column":78},"skip":true},"33":{"start":{"line":118,"column":20},"end":{"line":118,"column":47},"skip":true},"34":{"start":{"line":123,"column":8},"end":{"line":141,"column":11},"skip":true},"35":{"start":{"line":124,"column":12},"end":{"line":124,"column":54},"skip":true},"36":{"start":{"line":125,"column":12},"end":{"line":140,"column":14},"skip":true},"37":{"start":{"line":126,"column":16},"end":{"line":126,"column":28},"skip":true},"38":{"start":{"line":127,"column":16},"end":{"line":127,"column":69},"skip":true},"39":{"start":{"line":128,"column":16},"end":{"line":128,"column":75},"skip":true},"40":{"start":{"line":129,"column":16},"end":{"line":131,"column":17},"skip":true},"41":{"start":{"line":130,"column":20},"end":{"line":130,"column":27},"skip":true},"42":{"start":{"line":133,"column":16},"end":{"line":137,"column":36},"skip":true},"43":{"start":{"line":134,"column":20},"end":{"line":136,"column":55},"skip":true},"44":{"start":{"line":139,"column":16},"end":{"line":139,"column":57},"skip":true},"45":{"start":{"line":143,"column":8},"end":{"line":147,"column":11},"skip":true},"46":{"start":{"line":144,"column":12},"end":{"line":146,"column":15},"skip":true},"47":{"start":{"line":145,"column":16},"end":{"line":145,"column":70},"skip":true},"48":{"start":{"line":149,"column":8},"end":{"line":149,"column":31},"skip":true},"49":{"start":{"line":150,"column":8},"end":{"line":150,"column":14},"skip":true},"50":{"start":{"line":158,"column":8},"end":{"line":158,"column":31},"skip":true},"51":{"start":{"line":160,"column":8},"end":{"line":160,"column":33},"skip":true},"52":{"start":{"line":161,"column":8},"end":{"line":161,"column":37},"skip":true},"53":{"start":{"line":162,"column":8},"end":{"line":162,"column":35},"skip":true},"54":{"start":{"line":164,"column":8},"end":{"line":164,"column":50},"skip":true},"55":{"start":{"line":166,"column":8},"end":{"line":256,"column":2},"skip":true},"56":{"start":{"line":258,"column":8},"end":{"line":286,"column":9},"skip":true},"57":{"start":{"line":259,"column":12},"end":{"line":269,"column":14},"skip":true},"58":{"start":{"line":271,"column":12},"end":{"line":285,"column":19},"skip":true},"59":{"start":{"line":274,"column":20},"end":{"line":274,"column":35},"skip":true},"60":{"start":{"line":275,"column":20},"end":{"line":284,"column":21},"skip":true},"61":{"start":{"line":277,"column":24},"end":{"line":277,"column":64},"skip":true},"62":{"start":{"line":279,"column":24},"end":{"line":279,"column":40},"skip":true},"63":{"start":{"line":281,"column":24},"end":{"line":281,"column":40},"skip":true},"64":{"start":{"line":283,"column":24},"end":{"line":283,"column":39},"skip":true},"65":{"start":{"line":288,"column":8},"end":{"line":290,"column":9},"skip":true},"66":{"start":{"line":289,"column":12},"end":{"line":289,"column":18},"skip":true},"67":{"start":{"line":291,"column":8},"end":{"line":293,"column":54},"skip":true},"68":{"start":{"line":294,"column":8},"end":{"line":301,"column":37},"skip":true},"69":{"start":{"line":302,"column":8},"end":{"line":302,"column":82},"skip":true},"70":{"start":{"line":305,"column":8},"end":{"line":307,"column":9},"skip":true},"71":{"start":{"line":306,"column":12},"end":{"line":306,"column":82},"skip":true},"72":{"start":{"line":309,"column":8},"end":{"line":311,"column":9},"skip":true},"73":{"start":{"line":310,"column":12},"end":{"line":310,"column":18},"skip":true},"74":{"start":{"line":312,"column":8},"end":{"line":312,"column":54},"skip":true},"75":{"start":{"line":313,"column":8},"end":{"line":313,"column":69},"skip":true},"76":{"start":{"line":314,"column":8},"end":{"line":322,"column":36},"skip":true},"77":{"start":{"line":315,"column":12},"end":{"line":315,"column":61},"skip":true},"78":{"start":{"line":316,"column":12},"end":{"line":319,"column":13},"skip":true},"79":{"start":{"line":317,"column":16},"end":{"line":317,"column":75},"skip":true},"80":{"start":{"line":318,"column":16},"end":{"line":318,"column":23},"skip":true},"81":{"start":{"line":320,"column":12},"end":{"line":320,"column":38},"skip":true},"82":{"start":{"line":321,"column":12},"end":{"line":321,"column":27},"skip":true},"83":{"start":{"line":323,"column":8},"end":{"line":323,"column":14},"skip":true}},"branchMap":{"1":{"line":39,"type":"binary-expr","locations":[{"start":{"line":39,"column":23},"end":{"line":39,"column":62}},{"start":{"line":40,"column":20},"end":{"line":40,"column":70}},{"start":{"line":41,"column":20},"end":{"line":41,"column":71}},{"start":{"line":42,"column":20},"end":{"line":42,"column":29}}]},"2":{"line":44,"type":"binary-expr","locations":[{"start":{"line":44,"column":23},"end":{"line":44,"column":37}},{"start":{"line":45,"column":20},"end":{"line":45,"column":61}},{"start":{"line":46,"column":20},"end":{"line":46,"column":70}},{"start":{"line":47,"column":20},"end":{"line":47,"column":26}}]},"3":{"line":51,"type":"cond-expr","locations":[{"start":{"line":52,"column":14},"end":{"line":52,"column":20}},{"start":{"line":53,"column":14},"end":{"line":53,"column":20}}]},"4":{"line":55,"type":"binary-expr","locations":[{"start":{"line":55,"column":16},"end":{"line":55,"column":44}},{"start":{"line":55,"column":49},"end":{"line":57,"column":43}}]},"5":{"line":55,"type":"cond-expr","locations":[{"start":{"line":56,"column":14},"end":{"line":56,"column":55}},{"start":{"line":57,"column":14},"end":{"line":57,"column":43}}]},"6":{"line":61,"type":"switch","locations":[{"start":{"line":68,"column":4},"end":{"line":150,"column":14},"skip":true},{"start":{"line":156,"column":4},"end":{"line":323,"column":14},"skip":true}]},"7":{"line":70,"type":"if","locations":[{"start":{"line":70,"column":12},"end":{"line":70,"column":12},"skip":true},{"start":{"line":70,"column":12},"end":{"line":70,"column":12},"skip":true}]},"8":{"line":70,"type":"binary-expr","locations":[{"start":{"line":70,"column":16},"end":{"line":70,"column":22},"skip":true},{"start":{"line":70,"column":27},"end":{"line":70,"column":32},"skip":true},{"start":{"line":71,"column":20},"end":{"line":71,"column":39},"skip":true},{"start":{"line":72,"column":20},"end":{"line":72,"column":49},"skip":true},{"start":{"line":73,"column":20},"end":{"line":73,"column":58},"skip":true},{"start":{"line":74,"column":20},"end":{"line":74,"column":69},"skip":true}]},"9":{"line":79,"type":"switch","locations":[{"start":{"line":80,"column":20},"end":{"line":80,"column":33},"skip":true},{"start":{"line":81,"column":20},"end":{"line":83,"column":30},"skip":true},{"start":{"line":84,"column":20},"end":{"line":85,"column":49},"skip":true}]},"10":{"line":89,"type":"switch","locations":[{"start":{"line":90,"column":12},"end":{"line":103,"column":22},"skip":true},{"start":{"line":105,"column":12},"end":{"line":106,"column":22},"skip":true}]},"11":{"line":89,"type":"binary-expr","locations":[{"start":{"line":89,"column":20},"end":{"line":89,"column":25},"skip":true},{"start":{"line":89,"column":29},"end":{"line":89,"column":48},"skip":true},{"start":{"line":89,"column":52},"end":{"line":89,"column":74},"skip":true}]},"12":{"line":92,"type":"if","locations":[{"start":{"line":92,"column":16},"end":{"line":92,"column":16},"skip":true},{"start":{"line":92,"column":16},"end":{"line":92,"column":16},"skip":true}]},"13":{"line":108,"type":"if","locations":[{"start":{"line":108,"column":12},"end":{"line":108,"column":12},"skip":true},{"start":{"line":108,"column":12},"end":{"line":108,"column":12},"skip":true}]},"14":{"line":108,"type":"binary-expr","locations":[{"start":{"line":108,"column":16},"end":{"line":108,"column":61},"skip":true},{"start":{"line":108,"column":66},"end":{"line":108,"column":72},"skip":true},{"start":{"line":108,"column":77},"end":{"line":108,"column":82},"skip":true},{"start":{"line":109,"column":20},"end":{"line":109,"column":39},"skip":true},{"start":{"line":110,"column":20},"end":{"line":110,"column":49},"skip":true},{"start":{"line":111,"column":20},"end":{"line":111,"column":58},"skip":true},{"start":{"line":112,"column":20},"end":{"line":112,"column":68},"skip":true}]},"15":{"line":129,"type":"if","locations":[{"start":{"line":129,"column":16},"end":{"line":129,"column":16},"skip":true},{"start":{"line":129,"column":16},"end":{"line":129,"column":16},"skip":true}]},"16":{"line":134,"type":"cond-expr","locations":[{"start":{"line":135,"column":26},"end":{"line":135,"column":29},"skip":true},{"start":{"line":136,"column":26},"end":{"line":136,"column":54},"skip":true}]},"17":{"line":164,"type":"binary-expr","locations":[{"start":{"line":164,"column":27},"end":{"line":164,"column":43},"skip":true},{"start":{"line":164,"column":47},"end":{"line":164,"column":49},"skip":true}]},"18":{"line":258,"type":"if","locations":[{"start":{"line":258,"column":8},"end":{"line":258,"column":8},"skip":true},{"start":{"line":258,"column":8},"end":{"line":258,"column":8},"skip":true}]},"19":{"line":275,"type":"switch","locations":[{"start":{"line":276,"column":20},"end":{"line":277,"column":64},"skip":true},{"start":{"line":278,"column":20},"end":{"line":279,"column":40},"skip":true},{"start":{"line":280,"column":20},"end":{"line":281,"column":40},"skip":true},{"start":{"line":282,"column":20},"end":{"line":283,"column":39},"skip":true}]},"20":{"line":288,"type":"if","locations":[{"start":{"line":288,"column":8},"end":{"line":288,"column":8},"skip":true},{"start":{"line":288,"column":8},"end":{"line":288,"column":8},"skip":true}]},"21":{"line":288,"type":"binary-expr","locations":[{"start":{"line":288,"column":12},"end":{"line":288,"column":40},"skip":true},{"start":{"line":288,"column":44},"end":{"line":288,"column":67},"skip":true}]},"22":{"line":292,"type":"binary-expr","locations":[{"start":{"line":292,"column":12},"end":{"line":292,"column":50},"skip":true},{"start":{"line":293,"column":12},"end":{"line":293,"column":53},"skip":true}]},"23":{"line":295,"type":"binary-expr","locations":[{"start":{"line":295,"column":12},"end":{"line":295,"column":69},"skip":true},{"start":{"line":296,"column":12},"end":{"line":301,"column":36},"skip":true}]},"24":{"line":302,"type":"binary-expr","locations":[{"start":{"line":302,"column":43},"end":{"line":302,"column":75},"skip":true},{"start":{"line":302,"column":79},"end":{"line":302,"column":81},"skip":true}]},"25":{"line":305,"type":"if","locations":[{"start":{"line":305,"column":8},"end":{"line":305,"column":8},"skip":true},{"start":{"line":305,"column":8},"end":{"line":305,"column":8},"skip":true}]},"26":{"line":309,"type":"if","locations":[{"start":{"line":309,"column":8},"end":{"line":309,"column":8},"skip":true},{"start":{"line":309,"column":8},"end":{"line":309,"column":8},"skip":true}]},"27":{"line":312,"type":"binary-expr","locations":[{"start":{"line":312,"column":27},"end":{"line":312,"column":43},"skip":true},{"start":{"line":312,"column":47},"end":{"line":312,"column":53},"skip":true}]},"28":{"line":316,"type":"if","locations":[{"start":{"line":316,"column":12},"end":{"line":316,"column":12},"skip":true},{"start":{"line":316,"column":12},"end":{"line":316,"column":12},"skip":true}]}},"code":["/*","example.js","","quickstart example","","instruction","    1. save this script as example.js","    2. run the shell command:","        $ npm install npmtest-smoothstate && PORT=8081 node example.js","    3. play with the browser-demo on http://127.0.0.1:8081","*/","","","","/* istanbul instrument in package npmtest_smoothstate */","/*jslint","    bitwise: true,","    browser: true,","    maxerr: 8,","    maxlen: 96,","    node: true,","    nomen: true,","    regexp: true,","    stupid: true","*/","(function () {","    'use strict';","    var local;","","","","    // run shared js-env code - pre-init","    (function () {","        // init local","        local = {};","        // init modeJs","        local.modeJs = (function () {","            try {","                return typeof navigator.userAgent === 'string' &&","                    typeof document.querySelector('body') === 'object' &&","                    typeof XMLHttpRequest.prototype.open === 'function' &&","                    'browser';","            } catch (errorCaughtBrowser) {","                return module.exports &&","                    typeof process.versions.node === 'string' &&","                    typeof require('http').createServer === 'function' &&","                    'node';","            }","        }());","        // init global","        local.global = local.modeJs === 'browser'","            ? window","            : global;","        // init utility2_rollup","        local = local.global.utility2_rollup || (local.modeJs === 'browser'","            ? local.global.utility2_npmtest_smoothstate","            : global.utility2_moduleExports);","        // export local","        local.global.local = local;","    }());","    switch (local.modeJs) {","","","","    // post-init","    // run browser js-env code - post-init","    /* istanbul ignore next */","    case 'browser':","        local.testRunBrowser = function (event) {","            if (!event || (event &&","                    event.currentTarget &&","                    event.currentTarget.className &&","                    event.currentTarget.className.includes &&","                    event.currentTarget.className.includes('onreset'))) {","                // reset output","                Array.from(","                    document.querySelectorAll('body > .resettable')","                ).forEach(function (element) {","                    switch (element.tagName) {","                    case 'INPUT':","                    case 'TEXTAREA':","                        element.value = '';","                        break;","                    default:","                        element.textContent = '';","                    }","                });","            }","            switch (event && event.currentTarget && event.currentTarget.id) {","            case 'testRunButton1':","                // show tests","                if (document.querySelector('#testReportDiv1').style.display === 'none') {","                    document.querySelector('#testReportDiv1').style.display = 'block';","                    document.querySelector('#testRunButton1').textContent =","                        'hide internal test';","                    local.modeTest = true;","                    local.testRunDefault(local);","                // hide tests","                } else {","                    document.querySelector('#testReportDiv1').style.display = 'none';","                    document.querySelector('#testRunButton1').textContent = 'run internal test';","                }","                break;","            // custom-case","            default:","                break;","            }","            if (document.querySelector('#inputTextareaEval1') && (!event || (event &&","                    event.currentTarget &&","                    event.currentTarget.className &&","                    event.currentTarget.className.includes &&","                    event.currentTarget.className.includes('oneval')))) {","                // try to eval input-code","                try {","                    /*jslint evil: true*/","                    eval(document.querySelector('#inputTextareaEval1').value);","                } catch (errorCaught) {","                    console.error(errorCaught);","                }","            }","        };","        // log stderr and stdout to #outputTextareaStdout1","        ['error', 'log'].forEach(function (key) {","            console[key + '_original'] = console[key];","            console[key] = function () {","                var element;","                console[key + '_original'].apply(console, arguments);","                element = document.querySelector('#outputTextareaStdout1');","                if (!element) {","                    return;","                }","                // append text to #outputTextareaStdout1","                element.value += Array.from(arguments).map(function (arg) {","                    return typeof arg === 'string'","                        ? arg","                        : JSON.stringify(arg, null, 4);","                }).join(' ') + '\\n';","                // scroll textarea to bottom","                element.scrollTop = element.scrollHeight;","            };","        });","        // init event-handling","        ['change', 'click', 'keyup'].forEach(function (event) {","            Array.from(document.querySelectorAll('.on' + event)).forEach(function (element) {","                element.addEventListener(event, local.testRunBrowser);","            });","        });","        // run tests","        local.testRunBrowser();","        break;","","","","    // run node js-env code - post-init","    /* istanbul ignore next */","    case 'node':","        // export local","        module.exports = local;","        // require modules","        local.fs = require('fs');","        local.http = require('http');","        local.url = require('url');","        // init assets","        local.assetsDict = local.assetsDict || {};","        /* jslint-ignore-begin */","        local.assetsDict['/assets.index.template.html'] = '\\","<!doctype html>\\n\\","<html lang=\"en\">\\n\\","<head>\\n\\","<meta charset=\"UTF-8\">\\n\\","<meta name=\"viewport\" content=\"width=device-width, initial-scale=1\">\\n\\","<title>{{env.npm_package_name}} (v{{env.npm_package_version}})</title>\\n\\","<style>\\n\\","/*csslint\\n\\","    box-sizing: false,\\n\\","    universal-selector: false\\n\\","*/\\n\\","* {\\n\\","    box-sizing: border-box;\\n\\","}\\n\\","body {\\n\\","    background: #dde;\\n\\","    font-family: Arial, Helvetica, sans-serif;\\n\\","    margin: 2rem;\\n\\","}\\n\\","body > * {\\n\\","    margin-bottom: 1rem;\\n\\","}\\n\\",".utility2FooterDiv {\\n\\","    margin-top: 20px;\\n\\","    text-align: center;\\n\\","}\\n\\","</style>\\n\\","<style>\\n\\","/*csslint\\n\\","*/\\n\\","textarea {\\n\\","    font-family: monospace;\\n\\","    height: 10rem;\\n\\","    width: 100%;\\n\\","}\\n\\","textarea[readonly] {\\n\\","    background: #ddd;\\n\\","}\\n\\","</style>\\n\\","</head>\\n\\","<body>\\n\\","<!-- utility2-comment\\n\\","<div id=\"ajaxProgressDiv1\" style=\"background: #d00; height: 2px; left: 0; margin: 0; padding: 0; position: fixed; top: 0; transition: background 0.5s, width 1.5s; width: 25%;\"></div>\\n\\","utility2-comment -->\\n\\","<h1>\\n\\","<!-- utility2-comment\\n\\","    <a\\n\\","        {{#if env.npm_package_homepage}}\\n\\","        href=\"{{env.npm_package_homepage}}\"\\n\\","        {{/if env.npm_package_homepage}}\\n\\","        target=\"_blank\"\\n\\","    >\\n\\","utility2-comment -->\\n\\","        {{env.npm_package_name}} (v{{env.npm_package_version}})\\n\\","<!-- utility2-comment\\n\\","    </a>\\n\\","utility2-comment -->\\n\\","</h1>\\n\\","<h3>{{env.npm_package_description}}</h3>\\n\\","<!-- utility2-comment\\n\\","<h4><a download href=\"assets.app.js\">download standalone app</a></h4>\\n\\","<button class=\"onclick onreset\" id=\"testRunButton1\">run internal test</button><br>\\n\\","<div id=\"testReportDiv1\" style=\"display: none;\"></div>\\n\\","utility2-comment -->\\n\\","\\n\\","\\n\\","\\n\\","<label>stderr and stdout</label>\\n\\","<textarea class=\"resettable\" id=\"outputTextareaStdout1\" readonly></textarea>\\n\\","<!-- utility2-comment\\n\\","{{#if isRollup}}\\n\\","<script src=\"assets.app.js\"></script>\\n\\","{{#unless isRollup}}\\n\\","utility2-comment -->\\n\\","<script src=\"assets.utility2.rollup.js\"></script>\\n\\","<script src=\"jsonp.utility2._stateInit?callback=window.utility2._stateInit\"></script>\\n\\","<script src=\"assets.npmtest_smoothstate.rollup.js\"></script>\\n\\","<script src=\"assets.example.js\"></script>\\n\\","<script src=\"assets.test.js\"></script>\\n\\","<!-- utility2-comment\\n\\","{{/if isRollup}}\\n\\","utility2-comment -->\\n\\","<div class=\"utility2FooterDiv\">\\n\\","    [ this app was created with\\n\\","    <a href=\"https://github.com/kaizhu256/node-utility2\" target=\"_blank\">utility2</a>\\n\\","    ]\\n\\","</div>\\n\\","</body>\\n\\","</html>\\n\\","';","        /* jslint-ignore-end */","        if (local.templateRender) {","            local.assetsDict['/'] = local.templateRender(","                local.assetsDict['/assets.index.template.html'],","                {","                    env: local.objectSetDefault(local.env, {","                        npm_package_description: 'the greatest app in the world!',","                        npm_package_name: 'my-app',","                        npm_package_nameAlias: 'my_app',","                        npm_package_version: '0.0.1'","                    })","                }","            );","        } else {","            local.assetsDict['/'] = local.assetsDict['/assets.index.template.html']","                .replace((/\\{\\{env\\.(\\w+?)\\}\\}/g), function (match0, match1) {","                    // jslint-hack","                    String(match0);","                    switch (match1) {","                    case 'npm_package_description':","                        return 'the greatest app in the world!';","                    case 'npm_package_name':","                        return 'my-app';","                    case 'npm_package_nameAlias':","                        return 'my_app';","                    case 'npm_package_version':","                        return '0.0.1';","                    }","                });","        }","        // run the cli","        if (local.global.utility2_rollup || module !== require.main) {","            break;","        }","        local.assetsDict['/assets.example.js'] =","            local.assetsDict['/assets.example.js'] ||","            local.fs.readFileSync(__filename, 'utf8');","        local.assetsDict['/assets.npmtest_smoothstate.rollup.js'] =","            local.assetsDict['/assets.npmtest_smoothstate.rollup.js'] ||","            local.fs.readFileSync(","                // buildCustomOrg-hack","                local.npmtest_smoothstate.__dirname +","                    '/lib.npmtest_smoothstate.js',","                'utf8'","            ).replace((/^#!/), '//');","        local.assetsDict['/favicon.ico'] = local.assetsDict['/favicon.ico'] || '';","        // if $npm_config_timeout_exit exists,","        // then exit this process after $npm_config_timeout_exit ms","        if (Number(process.env.npm_config_timeout_exit)) {","            setTimeout(process.exit, Number(process.env.npm_config_timeout_exit));","        }","        // start server","        if (local.global.utility2_serverHttp1) {","            break;","        }","        process.env.PORT = process.env.PORT || '8081';","        console.error('server starting on port ' + process.env.PORT);","        local.http.createServer(function (request, response) {","            request.urlParsed = local.url.parse(request.url);","            if (local.assetsDict[request.urlParsed.pathname] !== undefined) {","                response.end(local.assetsDict[request.urlParsed.pathname]);","                return;","            }","            response.statusCode = 404;","            response.end();","        }).listen(process.env.PORT);","        break;","    }","}());",""],"l":{"26":2,"28":2,"33":2,"35":2,"37":2,"38":2,"39":2,"44":1,"51":2,"55":2,"59":2,"61":2,"69":1,"70":2,"76":2,"79":2,"82":2,"83":2,"85":1,"89":2,"92":1,"93":1,"94":1,"96":1,"97":1,"100":1,"101":1,"103":1,"106":1,"108":2,"114":1,"116":1,"118":1,"123":1,"124":2,"125":2,"126":3,"127":3,"128":3,"129":3,"130":1,"133":3,"134":3,"139":3,"143":1,"144":3,"145":1,"149":1,"150":1,"158":1,"160":1,"161":1,"162":1,"164":1,"166":1,"258":1,"259":1,"271":1,"274":6,"275":6,"277":1,"279":2,"281":1,"283":2,"288":1,"289":1,"291":1,"294":1,"302":1,"305":1,"306":1,"309":1,"310":1,"312":1,"313":1,"314":1,"315":1,"316":1,"317":1,"318":1,"320":1,"321":1,"323":1}},"/home/travis/build/npmtest/node-npmtest-smoothstate/node_modules/smoothstate/src/jquery.smoothState.js":{"path":"/home/travis/build/npmtest/node-npmtest-smoothstate/node_modules/smoothstate/src/jquery.smoothState.js","s":{"1":4,"2":0,"3":0,"4":0,"5":0,"6":0,"7":0,"8":0,"9":0,"10":0,"11":0,"12":0,"13":0,"14":0,"15":0,"16":0,"17":0,"18":0,"19":0,"20":0,"21":0,"22":0,"23":0,"24":0,"25":0,"26":0,"27":0,"28":0,"29":0,"30":0,"31":0,"32":0,"33":0,"34":0,"35":0,"36":0,"37":0,"38":0,"39":0,"40":0,"41":0,"42":0,"43":0,"44":0,"45":0,"46":0,"47":0,"48":0,"49":0,"50":0,"51":0,"52":0,"53":0,"54":0,"55":0,"56":0,"57":0,"58":0,"59":0,"60":0,"61":0,"62":0,"63":0,"64":0,"65":0,"66":0,"67":0,"68":0,"69":0,"70":0,"71":0,"72":0,"73":0,"74":0,"75":0,"76":0,"77":0,"78":0,"79":0,"80":0,"81":0,"82":0,"83":0,"84":0,"85":0,"86":0,"87":0,"88":0,"89":0,"90":0,"91":0,"92":0,"93":0,"94":0,"95":0,"96":0,"97":0,"98":0,"99":0,"100":0,"101":0,"102":0,"103":0,"104":0,"105":0,"106":0,"107":0,"108":0,"109":0,"110":0,"111":0,"112":0,"113":0,"114":0,"115":0,"116":0,"117":0,"118":0,"119":0,"120":0,"121":0,"122":0,"123":0,"124":0,"125":0,"126":0,"127":0,"128":0,"129":0,"130":0,"131":0,"132":0,"133":0,"134":0,"135":0,"136":0,"137":0,"138":0,"139":0,"140":0,"141":0,"142":0,"143":0,"144":0,"145":0,"146":0,"147":0,"148":0,"149":0,"150":0,"151":0,"152":0,"153":0,"154":0,"155":0,"156":0,"157":0,"158":0,"159":0,"160":0,"161":0,"162":0,"163":0,"164":0,"165":0,"166":0,"167":0,"168":0,"169":0,"170":0,"171":0,"172":0,"173":0,"174":0,"175":0,"176":0,"177":0,"178":0,"179":0,"180":0,"181":0,"182":0,"183":0,"184":0,"185":0,"186":0,"187":0,"188":0,"189":0,"190":0,"191":0},"b":{"1":[0,0],"2":[0,0],"3":[0,0],"4":[0,0,0],"5":[0,0],"6":[0,0,0],"7":[0,0],"8":[0,0],"9":[0,0],"10":[0,0],"11":[0,0],"12":[0,0,0,0],"13":[0,0],"14":[0,0],"15":[0,0],"16":[0,0],"17":[0,0],"18":[0,0],"19":[0,0],"20":[0,0],"21":[0,0],"22":[0,0],"23":[0,0],"24":[0,0],"25":[0,0],"26":[0,0],"27":[0,0],"28":[0,0],"29":[0,0],"30":[0,0],"31":[0,0],"32":[0,0],"33":[0,0],"34":[0,0],"35":[0,0],"36":[0,0,0],"37":[0,0],"38":[0,0],"39":[0,0],"40":[0,0],"41":[0,0],"42":[0,0],"43":[0,0],"44":[0,0],"45":[0,0],"46":[0,0],"47":[0,0],"48":[0,0],"49":[0,0],"50":[0,0],"51":[0,0],"52":[0,0,0],"53":[0,0],"54":[0,0],"55":[0,0],"56":[0,0],"57":[0,0],"58":[0,0,0,0],"59":[0,0],"60":[0,0],"61":[0,0],"62":[0,0,0]},"f":{"1":0,"2":0,"3":0,"4":0,"5":0,"6":0,"7":0,"8":0,"9":0,"10":0,"11":0,"12":0,"13":0,"14":0,"15":0,"16":0,"17":0,"18":0,"19":0,"20":0,"21":0,"22":0,"23":0,"24":0,"25":0,"26":0,"27":0,"28":0,"29":0,"30":0,"31":0,"32":0,"33":0,"34":0,"35":0,"36":0,"37":0,"38":0,"39":0,"40":0,"41":0,"42":0,"43":0,"44":0,"45":0,"46":0,"47":0},"fnMap":{"1":{"name":"(anonymous_1)","line":12,"loc":{"start":{"line":12,"column":2},"end":{"line":12,"column":46}}},"2":{"name":"(anonymous_2)","line":18,"loc":{"start":{"line":18,"column":23},"end":{"line":18,"column":34}}},"3":{"name":"(anonymous_3)","line":62,"loc":{"start":{"line":62,"column":20},"end":{"line":62,"column":39}}},"4":{"name":"(anonymous_4)","line":67,"loc":{"start":{"line":67,"column":16},"end":{"line":67,"column":54}}},"5":{"name":"(anonymous_5)","line":72,"loc":{"start":{"line":72,"column":16},"end":{"line":72,"column":38}}},"6":{"name":"(anonymous_6)","line":78,"loc":{"start":{"line":78,"column":16},"end":{"line":78,"column":38}}},"7":{"name":"(anonymous_7)","line":84,"loc":{"start":{"line":84,"column":16},"end":{"line":84,"column":51}}},"8":{"name":"(anonymous_8)","line":90,"loc":{"start":{"line":90,"column":15},"end":{"line":90,"column":49}}},"9":{"name":"(anonymous_9)","line":102,"loc":{"start":{"line":102,"column":18},"end":{"line":102,"column":33}}},"10":{"name":"(anonymous_10)","line":121,"loc":{"start":{"line":121,"column":17},"end":{"line":121,"column":32}}},"11":{"name":"(anonymous_11)","line":131,"loc":{"start":{"line":131,"column":14},"end":{"line":131,"column":36}}},"12":{"name":"(anonymous_12)","line":145,"loc":{"start":{"line":145,"column":17},"end":{"line":145,"column":35}}},"13":{"name":"(anonymous_13)","line":164,"loc":{"start":{"line":164,"column":24},"end":{"line":164,"column":54}}},"14":{"name":"(anonymous_14)","line":182,"loc":{"start":{"line":182,"column":27},"end":{"line":182,"column":49}}},"15":{"name":"(anonymous_15)","line":185,"loc":{"start":{"line":185,"column":24},"end":{"line":185,"column":39}}},"16":{"name":"(anonymous_16)","line":212,"loc":{"start":{"line":212,"column":19},"end":{"line":212,"column":51}}},"17":{"name":"(anonymous_17)","line":230,"loc":{"start":{"line":230,"column":35},"end":{"line":230,"column":64}}},"18":{"name":"(anonymous_18)","line":238,"loc":{"start":{"line":238,"column":29},"end":{"line":238,"column":42}}},"19":{"name":"(anonymous_19)","line":244,"loc":{"start":{"line":244,"column":27},"end":{"line":244,"column":40}}},"20":{"name":"(anonymous_20)","line":257,"loc":{"start":{"line":257,"column":49},"end":{"line":257,"column":59}}},"21":{"name":"(anonymous_21)","line":264,"loc":{"start":{"line":264,"column":14},"end":{"line":264,"column":34}}},"22":{"name":"(anonymous_22)","line":270,"loc":{"start":{"line":270,"column":17},"end":{"line":270,"column":32}}},"23":{"name":"(anonymous_23)","line":283,"loc":{"start":{"line":283,"column":18},"end":{"line":283,"column":48}}},"24":{"name":"(anonymous_24)","line":314,"loc":{"start":{"line":314,"column":16},"end":{"line":314,"column":30}}},"25":{"name":"(anonymous_25)","line":329,"loc":{"start":{"line":329,"column":16},"end":{"line":329,"column":45}}},"26":{"name":"(anonymous_26)","line":352,"loc":{"start":{"line":352,"column":30},"end":{"line":352,"column":46}}},"27":{"name":"(anonymous_27)","line":358,"loc":{"start":{"line":358,"column":28},"end":{"line":358,"column":40}}},"28":{"name":"(anonymous_28)","line":368,"loc":{"start":{"line":368,"column":27},"end":{"line":368,"column":37}}},"29":{"name":"(anonymous_29)","line":381,"loc":{"start":{"line":381,"column":24},"end":{"line":381,"column":39}}},"30":{"name":"(anonymous_30)","line":402,"loc":{"start":{"line":402,"column":44},"end":{"line":402,"column":54}}},"31":{"name":"(anonymous_31)","line":414,"loc":{"start":{"line":414,"column":30},"end":{"line":414,"column":40}}},"32":{"name":"(anonymous_32)","line":433,"loc":{"start":{"line":433,"column":15},"end":{"line":433,"column":40}}},"33":{"name":"(anonymous_33)","line":452,"loc":{"start":{"line":452,"column":22},"end":{"line":452,"column":34}}},"34":{"name":"(anonymous_34)","line":456,"loc":{"start":{"line":456,"column":44},"end":{"line":456,"column":54}}},"35":{"name":"(anonymous_35)","line":469,"loc":{"start":{"line":469,"column":24},"end":{"line":469,"column":36}}},"36":{"name":"(anonymous_36)","line":476,"loc":{"start":{"line":476,"column":50},"end":{"line":476,"column":60}}},"37":{"name":"(anonymous_37)","line":485,"loc":{"start":{"line":485,"column":38},"end":{"line":485,"column":49}}},"38":{"name":"(anonymous_38)","line":493,"loc":{"start":{"line":493,"column":34},"end":{"line":493,"column":46}}},"39":{"name":"(anonymous_39)","line":502,"loc":{"start":{"line":502,"column":21},"end":{"line":502,"column":32}}},"40":{"name":"(anonymous_40)","line":518,"loc":{"start":{"line":518,"column":28},"end":{"line":518,"column":38}}},"41":{"name":"(anonymous_41)","line":531,"loc":{"start":{"line":531,"column":22},"end":{"line":531,"column":39}}},"42":{"name":"(anonymous_42)","line":547,"loc":{"start":{"line":547,"column":22},"end":{"line":547,"column":39}}},"43":{"name":"(anonymous_43)","line":573,"loc":{"start":{"line":573,"column":21},"end":{"line":573,"column":38}}},"44":{"name":"(anonymous_44)","line":605,"loc":{"start":{"line":605,"column":28},"end":{"line":605,"column":48}}},"45":{"name":"(anonymous_45)","line":617,"loc":{"start":{"line":617,"column":31},"end":{"line":617,"column":43}}},"46":{"name":"(anonymous_46)","line":653,"loc":{"start":{"line":653,"column":25},"end":{"line":653,"column":46}}},"47":{"name":"(anonymous_47)","line":654,"loc":{"start":{"line":654,"column":23},"end":{"line":654,"column":35}}}},"statementMap":{"1":{"start":{"line":12,"column":1},"end":{"line":682,"column":29}},"2":{"start":{"line":16,"column":2},"end":{"line":21,"column":3}},"3":{"start":{"line":18,"column":4},"end":{"line":18,"column":51}},"4":{"start":{"line":18,"column":36},"end":{"line":18,"column":48}},"5":{"start":{"line":19,"column":4},"end":{"line":19,"column":34}},"6":{"start":{"line":20,"column":4},"end":{"line":20,"column":11}},"7":{"start":{"line":24,"column":2},"end":{"line":24,"column":34}},"8":{"start":{"line":24,"column":25},"end":{"line":24,"column":32}},"9":{"start":{"line":26,"column":2},"end":{"line":668,"column":6}},"10":{"start":{"line":63,"column":8},"end":{"line":63,"column":23}},"11":{"start":{"line":85,"column":10},"end":{"line":85,"column":39}},"12":{"start":{"line":103,"column":8},"end":{"line":103,"column":92}},"13":{"start":{"line":104,"column":8},"end":{"line":106,"column":9}},"14":{"start":{"line":105,"column":10},"end":{"line":105,"column":22}},"15":{"start":{"line":107,"column":8},"end":{"line":112,"column":9}},"16":{"start":{"line":111,"column":10},"end":{"line":111,"column":22}},"17":{"start":{"line":113,"column":8},"end":{"line":113,"column":21}},"18":{"start":{"line":122,"column":8},"end":{"line":122,"column":39}},"19":{"start":{"line":132,"column":8},"end":{"line":132,"column":44}},"20":{"start":{"line":134,"column":8},"end":{"line":135,"column":92}},"21":{"start":{"line":137,"column":8},"end":{"line":137,"column":37}},"22":{"start":{"line":146,"column":10},"end":{"line":149,"column":12}},"23":{"start":{"line":150,"column":10},"end":{"line":154,"column":11}},"24":{"start":{"line":151,"column":12},"end":{"line":151,"column":63}},"25":{"start":{"line":153,"column":12},"end":{"line":153,"column":54}},"26":{"start":{"line":155,"column":10},"end":{"line":155,"column":25}},"27":{"start":{"line":165,"column":8},"end":{"line":165,"column":40}},"28":{"start":{"line":167,"column":8},"end":{"line":167,"column":121}},"29":{"start":{"line":184,"column":8},"end":{"line":195,"column":9}},"30":{"start":{"line":185,"column":10},"end":{"line":194,"column":12}},"31":{"start":{"line":186,"column":12},"end":{"line":187,"column":16}},"32":{"start":{"line":188,"column":12},"end":{"line":192,"column":13}},"33":{"start":{"line":189,"column":14},"end":{"line":191,"column":15}},"34":{"start":{"line":190,"column":16},"end":{"line":190,"column":29}},"35":{"start":{"line":193,"column":12},"end":{"line":193,"column":24}},"36":{"start":{"line":197,"column":8},"end":{"line":199,"column":9}},"37":{"start":{"line":198,"column":10},"end":{"line":198,"column":21}},"38":{"start":{"line":201,"column":8},"end":{"line":201,"column":21}},"39":{"start":{"line":213,"column":8},"end":{"line":213,"column":29}},"40":{"start":{"line":215,"column":8},"end":{"line":220,"column":10}},"41":{"start":{"line":221,"column":8},"end":{"line":221,"column":22}},"42":{"start":{"line":232,"column":8},"end":{"line":232,"column":38}},"43":{"start":{"line":234,"column":8},"end":{"line":252,"column":12}},"44":{"start":{"line":239,"column":12},"end":{"line":242,"column":13}},"45":{"start":{"line":240,"column":14},"end":{"line":240,"column":34}},"46":{"start":{"line":241,"column":14},"end":{"line":241,"column":31}},"47":{"start":{"line":245,"column":12},"end":{"line":251,"column":13}},"48":{"start":{"line":246,"column":14},"end":{"line":246,"column":34}},"49":{"start":{"line":247,"column":14},"end":{"line":247,"column":31}},"50":{"start":{"line":248,"column":14},"end":{"line":250,"column":15}},"51":{"start":{"line":249,"column":16},"end":{"line":249,"column":44}},"52":{"start":{"line":254,"column":8},"end":{"line":254,"column":54}},"53":{"start":{"line":255,"column":8},"end":{"line":255,"column":50}},"54":{"start":{"line":257,"column":8},"end":{"line":260,"column":11}},"55":{"start":{"line":258,"column":10},"end":{"line":258,"column":29}},"56":{"start":{"line":259,"column":10},"end":{"line":259,"column":35}},"57":{"start":{"line":265,"column":8},"end":{"line":265,"column":26}},"58":{"start":{"line":271,"column":6},"end":{"line":279,"column":7}},"59":{"start":{"line":272,"column":8},"end":{"line":274,"column":43}},"60":{"start":{"line":276,"column":8},"end":{"line":278,"column":9}},"61":{"start":{"line":277,"column":10},"end":{"line":277,"column":32}},"62":{"start":{"line":284,"column":6},"end":{"line":622,"column":10}},"63":{"start":{"line":315,"column":10},"end":{"line":315,"column":29}},"64":{"start":{"line":316,"column":10},"end":{"line":320,"column":11}},"65":{"start":{"line":317,"column":12},"end":{"line":317,"column":30}},"66":{"start":{"line":319,"column":12},"end":{"line":319,"column":23}},"67":{"start":{"line":321,"column":10},"end":{"line":321,"column":55}},"68":{"start":{"line":332,"column":10},"end":{"line":332,"column":40}},"69":{"start":{"line":335,"column":10},"end":{"line":335,"column":52}},"70":{"start":{"line":338,"column":10},"end":{"line":340,"column":11}},"71":{"start":{"line":339,"column":12},"end":{"line":339,"column":19}},"72":{"start":{"line":343,"column":10},"end":{"line":343,"column":74}},"73":{"start":{"line":346,"column":10},"end":{"line":346,"column":55}},"74":{"start":{"line":349,"column":10},"end":{"line":349,"column":45}},"75":{"start":{"line":352,"column":10},"end":{"line":355,"column":13}},"76":{"start":{"line":353,"column":12},"end":{"line":353,"column":70}},"77":{"start":{"line":354,"column":12},"end":{"line":354,"column":57}},"78":{"start":{"line":358,"column":10},"end":{"line":360,"column":13}},"79":{"start":{"line":359,"column":12},"end":{"line":359,"column":49}},"80":{"start":{"line":363,"column":10},"end":{"line":365,"column":11}},"81":{"start":{"line":364,"column":12},"end":{"line":364,"column":43}},"82":{"start":{"line":370,"column":10},"end":{"line":377,"column":11}},"83":{"start":{"line":371,"column":12},"end":{"line":371,"column":58}},"84":{"start":{"line":372,"column":12},"end":{"line":375,"column":13}},"85":{"start":{"line":373,"column":14},"end":{"line":373,"column":59}},"86":{"start":{"line":374,"column":14},"end":{"line":374,"column":52}},"87":{"start":{"line":376,"column":12},"end":{"line":376,"column":30}},"88":{"start":{"line":383,"column":10},"end":{"line":384,"column":74}},"89":{"start":{"line":386,"column":10},"end":{"line":424,"column":11}},"90":{"start":{"line":389,"column":12},"end":{"line":389,"column":46}},"91":{"start":{"line":392,"column":12},"end":{"line":392,"column":54}},"92":{"start":{"line":395,"column":12},"end":{"line":397,"column":13}},"93":{"start":{"line":396,"column":14},"end":{"line":396,"column":54}},"94":{"start":{"line":400,"column":12},"end":{"line":400,"column":60}},"95":{"start":{"line":402,"column":12},"end":{"line":412,"column":15}},"96":{"start":{"line":405,"column":14},"end":{"line":405,"column":38}},"97":{"start":{"line":408,"column":14},"end":{"line":408,"column":55}},"98":{"start":{"line":410,"column":14},"end":{"line":410,"column":33}},"99":{"start":{"line":414,"column":12},"end":{"line":416,"column":41}},"100":{"start":{"line":415,"column":14},"end":{"line":415,"column":50}},"101":{"start":{"line":418,"column":17},"end":{"line":424,"column":11}},"102":{"start":{"line":420,"column":12},"end":{"line":420,"column":112}},"103":{"start":{"line":423,"column":12},"end":{"line":423,"column":34}},"104":{"start":{"line":435,"column":10},"end":{"line":435,"column":52}},"105":{"start":{"line":438,"column":10},"end":{"line":440,"column":11}},"106":{"start":{"line":439,"column":12},"end":{"line":439,"column":24}},"107":{"start":{"line":442,"column":10},"end":{"line":509,"column":14}},"108":{"start":{"line":453,"column":16},"end":{"line":453,"column":86}},"109":{"start":{"line":455,"column":16},"end":{"line":461,"column":17}},"110":{"start":{"line":456,"column":18},"end":{"line":458,"column":21}},"111":{"start":{"line":457,"column":20},"end":{"line":457,"column":48}},"112":{"start":{"line":459,"column":23},"end":{"line":461,"column":17}},"113":{"start":{"line":460,"column":18},"end":{"line":460,"column":46}},"114":{"start":{"line":463,"column":16},"end":{"line":465,"column":17}},"115":{"start":{"line":464,"column":18},"end":{"line":464,"column":103}},"116":{"start":{"line":471,"column":16},"end":{"line":491,"column":17}},"117":{"start":{"line":473,"column":18},"end":{"line":473,"column":40}},"118":{"start":{"line":476,"column":18},"end":{"line":490,"column":21}},"119":{"start":{"line":479,"column":20},"end":{"line":481,"column":21}},"120":{"start":{"line":480,"column":22},"end":{"line":480,"column":59}},"121":{"start":{"line":483,"column":20},"end":{"line":483,"column":58}},"122":{"start":{"line":485,"column":20},"end":{"line":488,"column":52}},"123":{"start":{"line":486,"column":22},"end":{"line":486,"column":61}},"124":{"start":{"line":487,"column":22},"end":{"line":487,"column":44}},"125":{"start":{"line":493,"column":16},"end":{"line":498,"column":23}},"126":{"start":{"line":495,"column":18},"end":{"line":497,"column":19}},"127":{"start":{"line":496,"column":20},"end":{"line":496,"column":60}},"128":{"start":{"line":503,"column":16},"end":{"line":507,"column":17}},"129":{"start":{"line":504,"column":18},"end":{"line":504,"column":75}},"130":{"start":{"line":506,"column":18},"end":{"line":506,"column":49}},"131":{"start":{"line":511,"column":10},"end":{"line":513,"column":11}},"132":{"start":{"line":512,"column":12},"end":{"line":512,"column":28}},"133":{"start":{"line":516,"column":10},"end":{"line":516,"column":45}},"134":{"start":{"line":518,"column":10},"end":{"line":521,"column":39}},"135":{"start":{"line":519,"column":12},"end":{"line":519,"column":31}},"136":{"start":{"line":520,"column":12},"end":{"line":520,"column":48}},"137":{"start":{"line":524,"column":10},"end":{"line":524,"column":50}},"138":{"start":{"line":532,"column":10},"end":{"line":533,"column":47}},"139":{"start":{"line":535,"column":10},"end":{"line":540,"column":11}},"140":{"start":{"line":536,"column":12},"end":{"line":536,"column":36}},"141":{"start":{"line":537,"column":12},"end":{"line":537,"column":62}},"142":{"start":{"line":538,"column":12},"end":{"line":538,"column":52}},"143":{"start":{"line":539,"column":12},"end":{"line":539,"column":27}},"144":{"start":{"line":548,"column":10},"end":{"line":548,"column":47}},"145":{"start":{"line":551,"column":10},"end":{"line":566,"column":11}},"146":{"start":{"line":552,"column":12},"end":{"line":552,"column":66}},"147":{"start":{"line":555,"column":12},"end":{"line":555,"column":35}},"148":{"start":{"line":556,"column":12},"end":{"line":556,"column":36}},"149":{"start":{"line":557,"column":12},"end":{"line":557,"column":35}},"150":{"start":{"line":558,"column":12},"end":{"line":558,"column":46}},"151":{"start":{"line":561,"column":12},"end":{"line":561,"column":52}},"152":{"start":{"line":563,"column":12},"end":{"line":563,"column":50}},"153":{"start":{"line":565,"column":12},"end":{"line":565,"column":26}},"154":{"start":{"line":574,"column":10},"end":{"line":574,"column":45}},"155":{"start":{"line":576,"column":10},"end":{"line":598,"column":11}},"156":{"start":{"line":577,"column":12},"end":{"line":577,"column":35}},"157":{"start":{"line":578,"column":12},"end":{"line":578,"column":36}},"158":{"start":{"line":580,"column":12},"end":{"line":584,"column":18}},"159":{"start":{"line":586,"column":12},"end":{"line":586,"column":35}},"160":{"start":{"line":588,"column":12},"end":{"line":588,"column":52}},"161":{"start":{"line":590,"column":12},"end":{"line":592,"column":13}},"162":{"start":{"line":591,"column":14},"end":{"line":591,"column":61}},"163":{"start":{"line":595,"column":12},"end":{"line":595,"column":48}},"164":{"start":{"line":597,"column":12},"end":{"line":597,"column":26}},"165":{"start":{"line":607,"column":10},"end":{"line":607,"column":61}},"166":{"start":{"line":609,"column":10},"end":{"line":609,"column":59}},"167":{"start":{"line":611,"column":10},"end":{"line":613,"column":11}},"168":{"start":{"line":612,"column":12},"end":{"line":612,"column":78}},"169":{"start":{"line":618,"column":10},"end":{"line":618,"column":49}},"170":{"start":{"line":619,"column":10},"end":{"line":619,"column":42}},"171":{"start":{"line":620,"column":10},"end":{"line":620,"column":37}},"172":{"start":{"line":621,"column":10},"end":{"line":621,"column":39}},"173":{"start":{"line":625,"column":6},"end":{"line":625,"column":66}},"174":{"start":{"line":628,"column":6},"end":{"line":630,"column":7}},"175":{"start":{"line":629,"column":8},"end":{"line":629,"column":84}},"176":{"start":{"line":633,"column":6},"end":{"line":633,"column":93}},"177":{"start":{"line":636,"column":6},"end":{"line":636,"column":100}},"178":{"start":{"line":639,"column":6},"end":{"line":639,"column":36}},"179":{"start":{"line":642,"column":6},"end":{"line":649,"column":8}},"180":{"start":{"line":654,"column":6},"end":{"line":667,"column":9}},"181":{"start":{"line":655,"column":8},"end":{"line":655,"column":49}},"182":{"start":{"line":657,"column":8},"end":{"line":666,"column":9}},"183":{"start":{"line":659,"column":10},"end":{"line":659,"column":70}},"184":{"start":{"line":660,"column":15},"end":{"line":666,"column":9}},"185":{"start":{"line":662,"column":10},"end":{"line":662,"column":111}},"186":{"start":{"line":663,"column":15},"end":{"line":666,"column":9}},"187":{"start":{"line":665,"column":10},"end":{"line":665,"column":89}},"188":{"start":{"line":671,"column":2},"end":{"line":671,"column":33}},"189":{"start":{"line":674,"column":2},"end":{"line":674,"column":33}},"190":{"start":{"line":677,"column":2},"end":{"line":677,"column":40}},"191":{"start":{"line":680,"column":2},"end":{"line":680,"column":38}}},"branchMap":{"1":{"line":16,"type":"if","locations":[{"start":{"line":16,"column":2},"end":{"line":16,"column":2}},{"start":{"line":16,"column":2},"end":{"line":16,"column":2}}]},"2":{"line":24,"type":"if","locations":[{"start":{"line":24,"column":2},"end":{"line":24,"column":2}},{"start":{"line":24,"column":2},"end":{"line":24,"column":2}}]},"3":{"line":104,"type":"if","locations":[{"start":{"line":104,"column":8},"end":{"line":104,"column":8}},{"start":{"line":104,"column":8},"end":{"line":104,"column":8}}]},"4":{"line":104,"type":"binary-expr","locations":[{"start":{"line":104,"column":12},"end":{"line":104,"column":40}},{"start":{"line":104,"column":44},"end":{"line":104,"column":63}},{"start":{"line":104,"column":67},"end":{"line":104,"column":118}}]},"5":{"line":107,"type":"if","locations":[{"start":{"line":107,"column":8},"end":{"line":107,"column":8}},{"start":{"line":107,"column":8},"end":{"line":107,"column":8}}]},"6":{"line":107,"type":"binary-expr","locations":[{"start":{"line":107,"column":12},"end":{"line":107,"column":40}},{"start":{"line":108,"column":10},"end":{"line":108,"column":29}},{"start":{"line":109,"column":10},"end":{"line":110,"column":48}}]},"7":{"line":132,"type":"binary-expr","locations":[{"start":{"line":132,"column":15},"end":{"line":132,"column":19}},{"start":{"line":132,"column":23},"end":{"line":132,"column":43}}]},"8":{"line":134,"type":"cond-expr","locations":[{"start":{"line":134,"column":49},"end":{"line":134,"column":53}},{"start":{"line":134,"column":56},"end":{"line":134,"column":61}}]},"9":{"line":135,"type":"cond-expr","locations":[{"start":{"line":135,"column":79},"end":{"line":135,"column":83}},{"start":{"line":135,"column":86},"end":{"line":135,"column":91}}]},"10":{"line":137,"type":"binary-expr","locations":[{"start":{"line":137,"column":16},"end":{"line":137,"column":23}},{"start":{"line":137,"column":27},"end":{"line":137,"column":35}}]},"11":{"line":150,"type":"if","locations":[{"start":{"line":150,"column":10},"end":{"line":150,"column":10}},{"start":{"line":150,"column":10},"end":{"line":150,"column":10}}]},"12":{"line":167,"type":"binary-expr","locations":[{"start":{"line":167,"column":16},"end":{"line":167,"column":41}},{"start":{"line":167,"column":45},"end":{"line":167,"column":66}},{"start":{"line":167,"column":70},"end":{"line":167,"column":92}},{"start":{"line":167,"column":96},"end":{"line":167,"column":119}}]},"13":{"line":184,"type":"if","locations":[{"start":{"line":184,"column":8},"end":{"line":184,"column":8}},{"start":{"line":184,"column":8},"end":{"line":184,"column":8}}]},"14":{"line":189,"type":"if","locations":[{"start":{"line":189,"column":14},"end":{"line":189,"column":14}},{"start":{"line":189,"column":14},"end":{"line":189,"column":14}}]},"15":{"line":197,"type":"if","locations":[{"start":{"line":197,"column":8},"end":{"line":197,"column":8}},{"start":{"line":197,"column":8},"end":{"line":197,"column":8}}]},"16":{"line":232,"type":"binary-expr","locations":[{"start":{"line":232,"column":18},"end":{"line":232,"column":31}},{"start":{"line":232,"column":35},"end":{"line":232,"column":37}}]},"17":{"line":239,"type":"if","locations":[{"start":{"line":239,"column":12},"end":{"line":239,"column":12}},{"start":{"line":239,"column":12},"end":{"line":239,"column":12}}]},"18":{"line":245,"type":"if","locations":[{"start":{"line":245,"column":12},"end":{"line":245,"column":12}},{"start":{"line":245,"column":12},"end":{"line":245,"column":12}}]},"19":{"line":248,"type":"if","locations":[{"start":{"line":248,"column":14},"end":{"line":248,"column":14}},{"start":{"line":248,"column":14},"end":{"line":248,"column":14}}]},"20":{"line":271,"type":"if","locations":[{"start":{"line":271,"column":6},"end":{"line":271,"column":6}},{"start":{"line":271,"column":6},"end":{"line":271,"column":6}}]},"21":{"line":276,"type":"if","locations":[{"start":{"line":276,"column":8},"end":{"line":276,"column":8}},{"start":{"line":276,"column":8},"end":{"line":276,"column":8}}]},"22":{"line":276,"type":"binary-expr","locations":[{"start":{"line":276,"column":11},"end":{"line":276,"column":28}},{"start":{"line":276,"column":32},"end":{"line":276,"column":63}}]},"23":{"line":315,"type":"binary-expr","locations":[{"start":{"line":315,"column":16},"end":{"line":315,"column":19}},{"start":{"line":315,"column":23},"end":{"line":315,"column":28}}]},"24":{"line":316,"type":"if","locations":[{"start":{"line":316,"column":10},"end":{"line":316,"column":10}},{"start":{"line":316,"column":10},"end":{"line":316,"column":10}}]},"25":{"line":316,"type":"binary-expr","locations":[{"start":{"line":316,"column":13},"end":{"line":316,"column":16}},{"start":{"line":316,"column":20},"end":{"line":316,"column":45}}]},"26":{"line":332,"type":"binary-expr","locations":[{"start":{"line":332,"column":21},"end":{"line":332,"column":29}},{"start":{"line":332,"column":33},"end":{"line":332,"column":39}}]},"27":{"line":338,"type":"if","locations":[{"start":{"line":338,"column":10},"end":{"line":338,"column":10}},{"start":{"line":338,"column":10},"end":{"line":338,"column":10}}]},"28":{"line":338,"type":"binary-expr","locations":[{"start":{"line":338,"column":13},"end":{"line":338,"column":47}},{"start":{"line":338,"column":51},"end":{"line":338,"column":87}}]},"29":{"line":363,"type":"if","locations":[{"start":{"line":363,"column":10},"end":{"line":363,"column":10}},{"start":{"line":363,"column":10},"end":{"line":363,"column":10}}]},"30":{"line":370,"type":"if","locations":[{"start":{"line":370,"column":10},"end":{"line":370,"column":10}},{"start":{"line":370,"column":10},"end":{"line":370,"column":10}}]},"31":{"line":372,"type":"if","locations":[{"start":{"line":372,"column":12},"end":{"line":372,"column":12}},{"start":{"line":372,"column":12},"end":{"line":372,"column":12}}]},"32":{"line":384,"type":"cond-expr","locations":[{"start":{"line":384,"column":41},"end":{"line":384,"column":66}},{"start":{"line":384,"column":69},"end":{"line":384,"column":73}}]},"33":{"line":386,"type":"if","locations":[{"start":{"line":386,"column":10},"end":{"line":386,"column":10}},{"start":{"line":386,"column":10},"end":{"line":386,"column":10}}]},"34":{"line":395,"type":"if","locations":[{"start":{"line":395,"column":12},"end":{"line":395,"column":12}},{"start":{"line":395,"column":12},"end":{"line":395,"column":12}}]},"35":{"line":418,"type":"if","locations":[{"start":{"line":418,"column":17},"end":{"line":418,"column":17}},{"start":{"line":418,"column":17},"end":{"line":418,"column":17}}]},"36":{"line":418,"type":"binary-expr","locations":[{"start":{"line":418,"column":21},"end":{"line":418,"column":33}},{"start":{"line":418,"column":37},"end":{"line":418,"column":50}},{"start":{"line":418,"column":54},"end":{"line":418,"column":59}}]},"37":{"line":438,"type":"if","locations":[{"start":{"line":438,"column":10},"end":{"line":438,"column":10}},{"start":{"line":438,"column":10},"end":{"line":438,"column":10}}]},"38":{"line":453,"type":"cond-expr","locations":[{"start":{"line":453,"column":49},"end":{"line":453,"column":67}},{"start":{"line":453,"column":70},"end":{"line":453,"column":85}}]},"39":{"line":455,"type":"if","locations":[{"start":{"line":455,"column":16},"end":{"line":455,"column":16}},{"start":{"line":455,"column":16},"end":{"line":455,"column":16}}]},"40":{"line":455,"type":"binary-expr","locations":[{"start":{"line":455,"column":19},"end":{"line":455,"column":34}},{"start":{"line":455,"column":38},"end":{"line":455,"column":53}}]},"41":{"line":459,"type":"if","locations":[{"start":{"line":459,"column":23},"end":{"line":459,"column":23}},{"start":{"line":459,"column":23},"end":{"line":459,"column":23}}]},"42":{"line":463,"type":"if","locations":[{"start":{"line":463,"column":16},"end":{"line":463,"column":16}},{"start":{"line":463,"column":16},"end":{"line":463,"column":16}}]},"43":{"line":471,"type":"if","locations":[{"start":{"line":471,"column":16},"end":{"line":471,"column":16}},{"start":{"line":471,"column":16},"end":{"line":471,"column":16}}]},"44":{"line":479,"type":"if","locations":[{"start":{"line":479,"column":20},"end":{"line":479,"column":20}},{"start":{"line":479,"column":20},"end":{"line":479,"column":20}}]},"45":{"line":495,"type":"if","locations":[{"start":{"line":495,"column":18},"end":{"line":495,"column":18}},{"start":{"line":495,"column":18},"end":{"line":495,"column":18}}]},"46":{"line":503,"type":"if","locations":[{"star
[...]
       e.stopPropagation();","              animationCount++;","            }","          },","          onAnimationEnd = function (e) {","            if ($(e.delegateTarget).is($element)) {","              e.stopPropagation();","              animationCount--;","              if(animationCount === 0) {","                $element.trigger(eventname);","              }","            }","          };","","        $element.on(animationstart, onAnimationStart);","        $element.on(animationend, onAnimationEnd);","","        $element.on('allanimationend' + resetOn, function(){","          animationCount = 0;","          utility.redraw($element);","        });","      },","","      /** Forces browser to redraw elements */","      redraw: function ($element) {","        $element.height();","      }","    },","","    /** Handles the popstate event, like when the user hits 'back' */","    onPopState = function ( e ) {","      if(e.state !== null) {","        var url = window.location.href,","          $page = $('#' + e.state.id),","          page = $page.data('smoothState');","","        if(page.href !== url && !utility.isHash(url, page.href)) {","          page.load(url, false);","        }","      }","    },","","    /** Constructor function */","    Smoothstate = function ( element, options ) {","      var","        /** Container element smoothState is run on */","        $container = $(element),","","        /** ID of the main container */","        elementId = $container.prop('id'),","","        /** If a hash was clicked, we'll store it here so we","         *  can scroll to it once the new page has been fully","         *  loaded.","         */","        targetHash = null,","","        /** Used to prevent fetching while we transition so","         *  that we don't mistakenly override a cache entry","         *  we need.","         */","        isTransitioning = false,","","        /** Variable that stores pages after they are requested */","        cache = {},","","        /** Url of the content that is currently displayed */","        currentHref = window.location.href,","","        /**","         * Clears a given page from the cache, if no url is provided","         * it will clear the entire cache.","         * @param  {String} url entry that is to be deleted.","         */","        clear = function(url) {","          url = url || false;","          if(url && cache.hasOwnProperty(url)) {","            delete cache[url];","          } else {","            cache = {};","          }","          $container.data('smoothState').cache = cache;","        },","","        /**","         * Fetches the contents of a url and stores it in the 'cache' variable","         * @param  {String|Object}   request  url or request settings object","         * @param  {Function} callback function that will run as soon as it finishes","         */","        fetch = function (request, callback) {","","          // Sets a default in case a callback is not defined","          callback = callback || $.noop;","","          // Allows us to accept a url string or object as the ajax settings","          var settings = utility.translate(request);","","          // Don't prefetch if we have the content already or if it's a form","          if(cache.hasOwnProperty(settings.url) && typeof settings.data === 'undefined') {","            return;","          }","","          // Check the length of the cache and clear it if needed","          cache = utility.clearIfOverCapacity(cache, options.cacheLength);","","          // Let other parts of the code know we're working on getting the content","          cache[settings.url] = { status: 'fetching' };","","          // Make the ajax request","          var ajaxRequest = $.ajax(settings);","","          // Store contents in cache variable if successful","          ajaxRequest.success(function (html) {","            utility.storePageIn(cache, settings.url, html, elementId);","            $container.data('smoothState').cache = cache;","          });","","          // Mark as error to be acted on later","          ajaxRequest.error(function () {","            cache[settings.url].status = 'error';","          });","","          // Call fetch callback","          if(callback) {","            ajaxRequest.complete(callback);","          }","        },","","        repositionWindow = function(){","          // Scroll to a hash anchor on destination page","          if(targetHash) {","            var $targetHashEl = $(targetHash, $container);","            if($targetHashEl.length){","              var newPosition = $targetHashEl.offset().top;","              document.body.scrollTop = newPosition;","            }","            targetHash = null;","          }","        },","","        /** Updates the contents from cache[url] */","        updateContent = function (url) {","          // If the content has been requested and is done:","          var containerId = '#' + elementId,","              $newContent = cache[url] ? $(cache[url].html.html()) : null;","","          if($newContent.length) {","","            // Update the title","            document.title = cache[url].title;","","            // Update current url","            $container.data('smoothState').href = url;","","            // Remove loading class","            if(options.loadingClass) {","              $body.removeClass(options.loadingClass);","            }","","            // Call the onReady callback and set delay","            options.onReady.render($container, $newContent);","","            $container.one('ss.onReadyEnd', function(){","","              // Allow prefetches to be made again","              isTransitioning = false;","","              // Run callback","              options.onAfter($container, $newContent);","","              repositionWindow();","","            });","","            window.setTimeout(function(){","              $container.trigger('ss.onReadyEnd');","            }, options.onReady.duration);","","          } else if (!$newContent && options.debug && consl) {","            // Throw warning to help debug in debug mode","            consl.warn('No element with an id of ' + containerId + ' in response from ' + url + ' in ' + cache);","          } else {","            // No content availble to update with, aborting...","            window.location = url;","          }","        },","","        /**","         * Loads the contents of a url into our container","         * @param   {string}    url","         * @param   {bool}      push - used to determine if we should","         *                      add a new item into the history object","         */","        load = function (request, push) {","","          var settings = utility.translate(request);","","          /** Makes this an optional variable by setting a default */","          if(typeof push === 'undefined') {","            push = true;","          }","","          var","            /** Used to check if the onProgress function has been run */","            hasRunCallback = false,","","            callbBackEnded = false,","","            /** List of responses for the states of the page request */","            responses = {","","              /** Page is ready, update the content */","              loaded: function () {","                var eventName = hasRunCallback ? 'ss.onProgressEnd' : 'ss.onStartEnd';","","                if(!callbBackEnded || !hasRunCallback) {","                  $container.one(eventName, function(){","                    updateContent(settings.url);","                  });","                } else if(callbBackEnded) {","                  updateContent(settings.url);","                }","","                if(push) {","                  window.history.pushState({ id: elementId }, cache[settings.url].title, settings.url);","                }","              },","","              /** Loading, wait 10 ms and check again */","              fetching: function () {","","                if(!hasRunCallback) {","","                  hasRunCallback = true;","","                  // Run the onProgress callback and set trigger","                  $container.one('ss.onStartEnd', function(){","","                    // Add loading class","                    if(options.loadingClass) {","                      $body.addClass(options.loadingClass);","                    }","","                    options.onProgress.render($container);","","                    window.setTimeout(function (){","                      $container.trigger('ss.onProgressEnd');","                      callbBackEnded = true;","                    }, options.onProgress.duration);","","                  });","                }","","                window.setTimeout(function () {","                  // Might of been canceled, better check!","                  if(cache.hasOwnProperty(settings.url)){","                    responses[cache[settings.url].status]();","                  }","                }, 10);","              },","","              /** Error, abort and redirect */","              error: function (){","                if(options.debug && consl) {","                  consl.log('There was an error loading: ' + settings.url);","                } else {","                  window.location = settings.url;","                }","              }","            };","","          if (!cache.hasOwnProperty(settings.url)) {","            fetch(settings);","          }","","          // Run the onStart callback and set trigger","          options.onStart.render($container);","","          window.setTimeout(function(){","            $body.scrollTop(0);","            $container.trigger('ss.onStartEnd');","          }, options.onStart.duration);","","          // Start checking for the status of content","          responses[cache[settings.url].status]();","        },","","        /**","         * Binds to the hover event of a link, used for prefetching content","         * @param   {object}    event","         */","        hoverAnchor = function (event) {","          var request,","              $anchor = $(event.currentTarget);","","          if (utility.shouldLoadAnchor($anchor, options.blacklist) && !isTransitioning) {","            event.stopPropagation();","            request = utility.translate($anchor.prop('href'));","            request = options.alterRequest(request);","            fetch(request);","          }","        },","","        /**","         * Binds to the click event of a link, used to show the content","         * @param   {object}    event","         */","        clickAnchor = function (event) {","          var $anchor = $(event.currentTarget);","","          // Ctrl (or Cmd) + click must open a new tab","          if (!event.metaKey && !event.ctrlKey && utility.shouldLoadAnchor($anchor, options.blacklist)) {","            var request = utility.translate($anchor.prop('href'));","","            // stopPropagation so that event doesn't fire on parent containers.","            isTransitioning = true;","            event.stopPropagation();","            event.preventDefault();","            targetHash = $anchor.prop('hash');","","            // Allows modifications to the request","            request = options.alterRequest(request);","","            options.onBefore($anchor, $container);","","            load(request);","          }","        },","","        /**","         * Binds to form submissions","         * @param  {Event} event","         */","        submitForm = function (event) {","          var $form = $(event.currentTarget);","","          if(!$form.is(options.blacklist)){","            event.preventDefault();","            event.stopPropagation();","","            var request = {","                  url: $form.prop('action'),","                  data: $form.serialize(),","                  type: $form.prop('method')","                };","","            isTransitioning = true;","","            request = options.alterRequest(request);","","            if(request.type.toLowerCase() === 'get') {","              request.url = request.url + '?' + request.data;","            }","","            // Call the onReady callback and set delay","            options.onBefore($form, $container);","","            load(request);","          }","        },","","        /**","         * Binds all events and inits functionality","         * @param   {object}    event","         */","        bindEventHandlers = function ($element) {","","          $element.on('click', options.anchors, clickAnchor);","","          $element.on('submit', options.forms, submitForm);","","          if (options.prefetch) {","            $element.on('mouseover touchstart', options.anchors, hoverAnchor);","          }","        },","","        /** Restart the container's css animations */","        restartCSSAnimations = function () {","          var classes = $container.prop('class');","          $container.removeClass(classes);","          utility.redraw($container);","          $container.addClass(classes);","        };","","      /** Merge defaults and global options into current configuration */","      options = $.extend( {}, $.fn.smoothState.options, options );","","      /** Sets a default state */","      if(window.history.state === null) {","        window.history.replaceState({ id: elementId }, document.title, currentHref);","      }","","      /** Stores the current page in cache variable */","      utility.storePageIn(cache, currentHref, document.documentElement.outerHTML, elementId);","","      /** Bind all of the event handlers on the container, not anchors */","      utility.triggerAllAnimationEndEvent($container, 'ss.onStartEnd ss.onProgressEnd ss.onEndEnd');","","      /** Bind all of the event handlers on the container, not anchors */","      bindEventHandlers($container);","","      /** Public methods */","      return {","        href: currentHref,","        cache: cache,","        clear: clear,","        load: load,","        fetch: fetch,","        restartCSSAnimations: restartCSSAnimations","      };","    },","","    /** Returns elements with smoothState attached to it */","    declaresmoothState = function ( options ) {","      return this.each(function () {","        var tagname = this.tagName.toLowerCase();","        // Checks to make sure the smoothState element has an id and isn't already bound","        if(this.id && tagname !== 'body' && tagname !== 'html' && !$.data(this, 'smoothState')) {","          // Makes public methods available via $('element').data('smoothState');","          $.data(this, 'smoothState', new Smoothstate(this, options));","        } else if (!this.id && consl) {","          // Throw warning if in debug mode","          consl.warn('Every smoothState container needs an id but the following one does not have one:', this);","        } else if ((tagname === 'body' || tagname === 'html') && consl) {","          // We dont support making th html or the body element the smoothstate container","          consl.warn('The smoothstate container cannot be the ' + this.tagName + ' tag');","        }","      });","    };","","  /** Sets the popstate function */","  window.onpopstate = onPopState;","","  /** Makes utility functions public for unit tests */","  $.smoothStateUtility = utility;","","  /** Defines the smoothState plugin */","  $.fn.smoothState = declaresmoothState;","","  /* expose the default options */","  $.fn.smoothState.options = defaults;","","})(jQuery, window, document);",""],"l":{"12":4,"16":0,"18":0,"19":0,"20":0,"24":0,"26":0,"63":0,"85":0,"103":0,"104":0,"105":0,"107":0,"111":0,"113":0,"122":0,"132":0,"134":0,"137":0,"146":0,"150":0,"151":0,"153":0,"155":0,"165":0,"167":0,"184":0,"185":0,"186":0,"188":0,"189":0,"190":0,"193":0,"197":0,"198":0,"201":0,"213":0,"215":0,"221":0,"232":0,"234":0,"239":0,"240":0,"241":0,"245":0,"246":0,"247":0,"248":0,"249":0,"254":0,"255":0,"257":0,"258":0,"259":0,"265":0,"271":0,"272":0,"276":0,"277":0,"284":0,"315":0,"316":0,"317":0,"319":0,"321":0,"332":0,"335":0,"338":0,"339":0,"343":0,"346":0,"349":0,"352":0,"353":0,"354":0,"358":0,"359":0,"363":0,"364":0,"370":0,"371":0,"372":0,"373":0,"374":0,"376":0,"383":0,"386":0,"389":0,"392":0,"395":0,"396":0,"400":0,"402":0,"405":0,"408":0,"410":0,"414":0,"415":0,"418":0,"420":0,"423":0,"435":0,"438":0,"439":0,"442":0,"453":0,"455":0,"456":0,"457":0,"459":0,"460":0,"463":0,"464":0,"471":0,"473":0,"476":0,"479":0,"480":0,"483":0,"485":0,"486":0,"487":0,"493":0,"495":0,"496":0,"503":0,"504":0,"506":0,"511":0,"512":0,"516":0,"518":0,"519":0,"520":0,"524":0,"532":0,"535":0,"536":0,"537":0,"538":0,"539":0,"548":0,"551":0,"552":0,"555":0,"556":0,"557":0,"558":0,"561":0,"563":0,"565":0,"574":0,"576":0,"577":0,"578":0,"580":0,"586":0,"588":0,"590":0,"591":0,"595":0,"597":0,"607":0,"609":0,"611":0,"612":0,"618":0,"619":0,"620":0,"621":0,"625":0,"628":0,"629":0,"633":0,"636":0,"639":0,"642":0,"654":0,"655":0,"657":0,"659":0,"660":0,"662":0,"663":0,"665":0,"671":0,"674":0,"677":0,"680":0}},"/home/travis/build/npmtest/node-npmtest-smoothstate/node_modules/smoothstate/gulpfile.js":{"path":"/home/travis/build/npmtest/node-npmtest-smoothstate/node_modules/smoothstate/gulpfile.js","s":{"1":2,"2":0,"3":0,"4":0,"5":0,"6":0,"7":0,"8":0,"9":0,"10":0,"11":0,"12":0},"b":{},"f":{"1":0,"2":0,"3":0,"4":0,"5":0},"fnMap":{"1":{"name":"(anonymous_1)","line":15,"loc":{"start":{"line":15,"column":18},"end":{"line":15,"column":29}}},"2":{"name":"(anonymous_2)","line":21,"loc":{"start":{"line":21,"column":20},"end":{"line":21,"column":32}}},"3":{"name":"(anonymous_3)","line":29,"loc":{"start":{"line":29,"column":20},"end":{"line":29,"column":32}}},"4":{"name":"(anonymous_4)","line":38,"loc":{"start":{"line":38,"column":19},"end":{"line":38,"column":30}}},"5":{"name":"(anonymous_5)","line":43,"loc":{"start":{"line":43,"column":41},"end":{"line":43,"column":52}}}},"statementMap":{"1":{"start":{"line":3,"column":0},"end":{"line":4,"column":45}},"2":{"start":{"line":6,"column":0},"end":{"line":12,"column":37}},"3":{"start":{"line":15,"column":0},"end":{"line":18,"column":3}},"4":{"start":{"line":16,"column":2},"end":{"line":17,"column":31}},"5":{"start":{"line":21,"column":0},"end":{"line":26,"column":3}},"6":{"start":{"line":22,"column":2},"end":{"line":25,"column":43}},"7":{"start":{"line":29,"column":0},"end":{"line":35,"column":3}},"8":{"start":{"line":30,"column":2},"end":{"line":34,"column":44}},"9":{"start":{"line":38,"column":0},"end":{"line":40,"column":3}},"10":{"start":{"line":39,"column":2},"end":{"line":39,"column":45}},"11":{"start":{"line":43,"column":0},"end":{"line":45,"column":3}},"12":{"start":{"line":44,"column":2},"end":{"line":44,"column":23}}},"branchMap":{},"code":["'use strict';","","var gulp = require('gulp'),","    plugins = require('gulp-load-plugins')();","","var scripts = [","    './src/**/*.js',","  ],","  tests = [","    './tests/**/*.js'","  ],","  allScripts = scripts.concat(tests);","","/** Run all unit tests */","gulp.task('test', function() {","  return gulp.src('./tests/index.html')","        .pipe(plugins.qunit());","});","","/** Lint JavaScript */","gulp.task('jshint', function () {","  return gulp.src(allScripts)","    .pipe(plugins.jshint())","    .pipe(plugins.jshint.reporter('jshint-stylish'))","    .pipe(plugins.jshint.reporter('fail'));","});","","/** Concatenate and minify JavaScript */","gulp.task('uglify', function () {","  return gulp.src(scripts)","    .pipe(plugins.concat('jquery.smoothState.min.js'))","    .pipe(plugins.uglify({preserveComments: 'some'}))","    .pipe(gulp.dest('./'))","    .pipe(plugins.size({title: 'scripts'}));","});","","/** Watch changes */","gulp.task('watch', function() {","  gulp.watch(allScripts, ['jshint', 'test']);","});","","/** Default task */","gulp.task('default', ['jshint', 'test'], function() {","  gulp.start('uglify');","});",""],"l":{"3":2,"6":0,"15":0,"16":0,"21":0,"22":0,"29":0,"30":0,"38":0,"39":0,"43":0,"44":0}}}